03/28/2024 03:59:21 PM INFO: Sim 1745 Sim+M 377
03/28/2024 03:59:48 PM INFO: Alt 97 Alt+M 74
03/28/2024 04:02:20 PM INFO: Best Alex   AlexGDA[1.6|0.7] len=66
03/28/2024 06:16:43 PM INFO: Best Alex+M AlexGDA[2.1|2.1]+M len=45
03/28/2024 06:28:01 PM INFO: EG 130 EG+M 100
03/28/2024 06:32:01 PM INFO: OGD 123 OGD+M 87
03/28/2024 06:52:00 PM INFO: AltEG 141 AltEG+M 93
03/28/2024 06:56:03 PM INFO: AltOGD 86 AltOGD+M 60
03/28/2024 06:57:19 PM INFO: Sim 2079 Sim+M 445
03/28/2024 06:57:45 PM INFO: Alt 113 Alt+M 78
03/28/2024 06:59:11 PM INFO: Best Alex   AlexGDA[1.3|0.9] len=71
03/28/2024 09:15:05 PM INFO: Best Alex+M AlexGDA[2.5|2.2]+M len=49
03/28/2024 09:25:52 PM INFO: EG 142 EG+M 114
03/28/2024 09:29:45 PM INFO: OGD 135 OGD+M 98
03/28/2024 09:48:04 PM INFO: AltEG 153 AltEG+M 99
03/28/2024 09:52:03 PM INFO: AltOGD 93 AltOGD+M 68
03/28/2024 09:53:14 PM INFO: Sim 2013 Sim+M 427
03/28/2024 09:53:40 PM INFO: Alt 106 Alt+M 77
03/28/2024 09:55:03 PM INFO: Best Alex   AlexGDA[0.7|2.4] len=41
03/29/2024 12:00:16 AM INFO: Best Alex+M AlexGDA[2.0|2.3]+M len=34
03/29/2024 12:11:16 AM INFO: EG 134 EG+M 112
03/29/2024 12:15:04 AM INFO: OGD 128 OGD+M 91
03/29/2024 12:33:46 AM INFO: AltEG 144 AltEG+M 96
03/29/2024 12:37:35 AM INFO: AltOGD 88 AltOGD+M 60
03/29/2024 12:38:59 AM INFO: Sim 1932 Sim+M 412
03/29/2024 12:39:28 AM INFO: Alt 104 Alt+M 75
03/29/2024 12:41:03 AM INFO: Best Alex   AlexGDA[1.6|0.7] len=73
03/29/2024 02:56:14 AM INFO: Best Alex+M AlexGDA[2.3|2.4]+M len=47
03/29/2024 03:06:28 AM INFO: EG 146 EG+M 118
03/29/2024 03:10:17 AM INFO: OGD 137 OGD+M 104
03/29/2024 03:28:36 AM INFO: AltEG 156 AltEG+M 105
03/29/2024 03:32:36 AM INFO: AltOGD 96 AltOGD+M 67
03/29/2024 03:33:47 AM INFO: Sim 2014 Sim+M 426
03/29/2024 03:34:17 AM INFO: Alt 106 Alt+M 86
03/29/2024 03:35:53 AM INFO: Best Alex   AlexGDA[1.6|0.7] len=75
03/29/2024 06:01:42 AM INFO: Best Alex+M AlexGDA[2.1|2.7]+M len=55
03/29/2024 06:12:52 AM INFO: EG 160 EG+M 148
03/29/2024 06:16:47 AM INFO: OGD 155 OGD+M 136
03/29/2024 06:36:11 AM INFO: AltEG 171 AltEG+M 123
03/29/2024 06:40:32 AM INFO: AltOGD 107 AltOGD+M 85
03/29/2024 06:41:47 AM INFO: Sim 1923 Sim+M 409
03/29/2024 06:42:13 AM INFO: Alt 103 Alt+M 71
03/29/2024 06:43:33 AM INFO: Best Alex   AlexGDA[0.8|1.5] len=53
03/29/2024 08:52:12 AM INFO: Best Alex+M AlexGDA[1.5|1.5]+M len=44
03/29/2024 09:02:00 AM INFO: EG 120 EG+M 108
03/29/2024 09:05:38 AM INFO: OGD 115 OGD+M 99
03/29/2024 09:23:00 AM INFO: AltEG 114 AltEG+M 90
03/29/2024 09:26:59 AM INFO: AltOGD 70 AltOGD+M 62
03/29/2024 09:28:15 AM INFO: Sim 2066 Sim+M 446
03/29/2024 09:28:41 AM INFO: Alt 113 Alt+M 79
03/29/2024 09:29:59 AM INFO: Best Alex   AlexGDA[1.5|0.8] len=58
03/29/2024 11:36:54 AM INFO: Best Alex+M AlexGDA[2.0|1.6]+M len=42
03/29/2024 11:47:17 AM INFO: EG 120 EG+M 106
03/29/2024 11:51:03 AM INFO: OGD 118 OGD+M 99
03/29/2024 12:09:05 PM INFO: AltEG 120 AltEG+M 93
03/29/2024 12:12:56 PM INFO: AltOGD 78 AltOGD+M 61
03/29/2024 12:14:09 PM INFO: Sim 1852 Sim+M 404
03/29/2024 12:14:36 PM INFO: Alt 96 Alt+M 77
03/29/2024 12:16:00 PM INFO: Best Alex   AlexGDA[2.2|0.7] len=60
03/29/2024 02:28:44 PM INFO: Best Alex+M AlexGDA[2.7|2.1]+M len=44
03/29/2024 02:39:05 PM INFO: EG 124 EG+M 122
03/29/2024 02:42:46 PM INFO: OGD 129 OGD+M 117
03/29/2024 03:00:38 PM INFO: AltEG 132 AltEG+M 108
03/29/2024 03:04:44 PM INFO: AltOGD 91 AltOGD+M 74
03/29/2024 03:05:57 PM INFO: Sim 1993 Sim+M 428
03/29/2024 03:06:23 PM INFO: Alt 107 Alt+M 75
03/29/2024 03:07:40 PM INFO: Best Alex   AlexGDA[0.7|2.2] len=53
03/29/2024 05:10:38 PM INFO: Best Alex+M AlexGDA[2.1|1.7]+M len=40
03/29/2024 05:20:21 PM INFO: EG 122 EG+M 106
03/29/2024 05:23:52 PM INFO: OGD 122 OGD+M 97
03/29/2024 05:40:57 PM INFO: AltEG 123 AltEG+M 81
03/29/2024 05:44:39 PM INFO: AltOGD 77 AltOGD+M 59
03/29/2024 05:45:52 PM INFO: Sim 2155 Sim+M 463
03/29/2024 05:46:18 PM INFO: Alt 116 Alt+M 93
03/29/2024 05:47:53 PM INFO: Best Alex   AlexGDA[0.7|2.2] len=78
03/29/2024 07:58:54 PM INFO: Best Alex+M AlexGDA[2.9|3.0]+M len=51
03/29/2024 08:09:43 PM INFO: EG 154 EG+M 134
03/29/2024 08:13:25 PM INFO: OGD 162 OGD+M 129
03/29/2024 08:31:32 PM INFO: AltEG 171 AltEG+M 132
03/29/2024 08:35:34 PM INFO: AltOGD 114 AltOGD+M 84
03/29/2024 08:36:48 PM INFO: Sim 1897 Sim+M 404
03/29/2024 08:37:14 PM INFO: Alt 103 Alt+M 74
03/29/2024 08:38:34 PM INFO: Best Alex   AlexGDA[0.8|1.5] len=57
03/29/2024 10:44:16 PM INFO: Best Alex+M AlexGDA[1.6|2.0]+M len=41
03/29/2024 10:54:36 PM INFO: EG 114 EG+M 98
03/29/2024 10:58:14 PM INFO: OGD 123 OGD+M 91
03/29/2024 11:16:14 PM INFO: AltEG 120 AltEG+M 87
03/29/2024 11:20:01 PM INFO: AltOGD 78 AltOGD+M 60
03/29/2024 11:21:17 PM INFO: Sim 2118 Sim+M 453
03/29/2024 11:21:43 PM INFO: Alt 113 Alt+M 79
03/29/2024 11:23:08 PM INFO: Best Alex   AlexGDA[1.5|0.8] len=63
03/30/2024 01:36:30 AM INFO: Best Alex+M AlexGDA[2.2|1.6]+M len=46
03/30/2024 01:46:29 AM INFO: EG 132 EG+M 106
03/30/2024 01:50:14 AM INFO: OGD 121 OGD+M 89
03/30/2024 02:07:39 AM INFO: AltEG 135 AltEG+M 90
03/30/2024 02:11:35 AM INFO: AltOGD 83 AltOGD+M 65
03/30/2024 02:12:47 AM INFO: Sim 2012 Sim+M 417
03/30/2024 02:13:15 AM INFO: Alt 105 Alt+M 80
03/30/2024 02:14:50 AM INFO: Best Alex   AlexGDA[1.6|0.7] len=74
03/30/2024 04:31:03 AM INFO: Best Alex+M AlexGDA[2.9|3.0]+M len=41
03/30/2024 04:42:04 AM INFO: EG 156 EG+M 110
03/30/2024 04:45:55 AM INFO: OGD 147 OGD+M 92
03/30/2024 05:05:34 AM INFO: AltEG 171 AltEG+M 99
03/30/2024 05:09:33 AM INFO: AltOGD 104 AltOGD+M 61
03/30/2024 05:10:53 AM INFO: Sim 1806 Sim+M 387
03/30/2024 05:11:20 AM INFO: Alt 97 Alt+M 71
03/30/2024 05:12:38 AM INFO: Best Alex   AlexGDA[0.8|1.6] len=52
03/30/2024 07:23:57 AM INFO: Best Alex+M AlexGDA[2.1|1.7]+M len=41
03/30/2024 07:34:03 AM INFO: EG 120 EG+M 112
03/30/2024 07:37:47 AM INFO: OGD 119 OGD+M 97
03/30/2024 07:55:13 AM INFO: AltEG 126 AltEG+M 96
03/30/2024 07:59:08 AM INFO: AltOGD 79 AltOGD+M 63
03/30/2024 08:00:19 AM INFO: Sim 1832 Sim+M 393
03/30/2024 08:00:47 AM INFO: Alt 100 Alt+M 90
03/30/2024 08:02:19 AM INFO: Best Alex   AlexGDA[1.6|0.7] len=75
03/30/2024 10:29:29 AM INFO: Best Alex+M AlexGDA[3.0|1.9]+M len=56
03/30/2024 10:40:31 AM INFO: EG 160 EG+M 150
03/30/2024 10:44:29 AM INFO: OGD 160 OGD+M 144
03/30/2024 11:03:49 AM INFO: AltEG 174 AltEG+M 126
03/30/2024 11:08:01 AM INFO: AltOGD 111 AltOGD+M 89
03/30/2024 11:09:16 AM INFO: Sim 2005 Sim+M 429
03/30/2024 11:09:42 AM INFO: Alt 107 Alt+M 69
03/30/2024 11:10:57 AM INFO: Best Alex   AlexGDA[2.0|0.7] len=49
03/30/2024 01:19:44 PM INFO: Best Alex+M AlexGDA[1.9|1.6]+M len=40
03/30/2024 01:29:55 PM INFO: EG 118 EG+M 104
03/30/2024 01:33:33 PM INFO: OGD 111 OGD+M 90
03/30/2024 01:51:18 PM INFO: AltEG 105 AltEG+M 87
03/30/2024 01:55:15 PM INFO: AltOGD 67 AltOGD+M 60
03/30/2024 01:56:32 PM INFO: Sim 2035 Sim+M 437
03/30/2024 01:56:58 PM INFO: Alt 110 Alt+M 74
03/30/2024 01:58:15 PM INFO: Best Alex   AlexGDA[2.1|0.7] len=51
03/30/2024 04:03:07 PM INFO: Best Alex+M AlexGDA[1.7|2.1]+M len=40
03/30/2024 04:12:58 PM INFO: EG 110 EG+M 96
03/30/2024 04:16:33 PM INFO: OGD 110 OGD+M 93
03/30/2024 04:33:33 PM INFO: AltEG 108 AltEG+M 90
03/30/2024 04:37:24 PM INFO: AltOGD 73 AltOGD+M 60
03/30/2024 04:38:38 PM INFO: Sim 1916 Sim+M 399
03/30/2024 04:39:06 PM INFO: Alt 101 Alt+M 86
03/30/2024 04:40:35 PM INFO: Best Alex   AlexGDA[2.2|0.7] len=62
03/30/2024 06:54:43 PM INFO: Best Alex+M AlexGDA[3.0|2.8]+M len=47
03/30/2024 07:05:32 PM INFO: EG 132 EG+M 130
03/30/2024 07:09:18 PM INFO: OGD 137 OGD+M 124
03/30/2024 07:27:23 PM INFO: AltEG 138 AltEG+M 117
03/30/2024 07:31:26 PM INFO: AltOGD 99 AltOGD+M 78
03/30/2024 07:32:39 PM INFO: Sim 2121 Sim+M 447
03/30/2024 07:33:07 PM INFO: Alt 113 Alt+M 78
03/30/2024 07:34:32 PM INFO: Best Alex   AlexGDA[0.7|2.2] len=57
03/30/2024 09:44:37 PM INFO: Best Alex+M AlexGDA[2.0|2.5]+M len=40
03/30/2024 09:54:52 PM INFO: EG 124 EG+M 110
03/30/2024 09:58:33 PM INFO: OGD 123 OGD+M 101
03/30/2024 10:16:28 PM INFO: AltEG 126 AltEG+M 93
03/30/2024 10:20:30 PM INFO: AltOGD 83 AltOGD+M 63
03/30/2024 10:21:47 PM INFO: Sim 2156 Sim+M 462
03/30/2024 10:22:13 PM INFO: Alt 116 Alt+M 81
03/30/2024 10:23:41 PM INFO: Best Alex   AlexGDA[0.7|2.2] len=64
03/31/2024 12:29:40 AM INFO: Best Alex+M AlexGDA[2.9|3.0]+M len=44
03/31/2024 12:39:52 AM INFO: EG 126 EG+M 120
03/31/2024 12:43:33 AM INFO: OGD 132 OGD+M 115
03/31/2024 01:01:29 AM INFO: AltEG 141 AltEG+M 111
03/31/2024 01:05:27 AM INFO: AltOGD 92 AltOGD+M 72
03/31/2024 01:06:39 AM INFO: Sim 1866 Sim+M 402
03/31/2024 01:07:05 AM INFO: Alt 100 Alt+M 74
03/31/2024 01:08:25 AM INFO: Best Alex   AlexGDA[1.5|0.8] len=61
03/31/2024 03:17:29 AM INFO: Best Alex+M AlexGDA[2.0|1.6]+M len=42
03/31/2024 03:27:53 AM INFO: EG 124 EG+M 106
03/31/2024 03:31:34 AM INFO: OGD 122 OGD+M 93
03/31/2024 03:49:55 AM INFO: AltEG 129 AltEG+M 90
03/31/2024 03:53:47 AM INFO: AltOGD 81 AltOGD+M 59
03/31/2024 03:55:04 AM INFO: Sim 1877 Sim+M 397
03/31/2024 03:55:30 AM INFO: Alt 101 Alt+M 71
03/31/2024 03:57:02 AM INFO: Best Alex   AlexGDA[1.6|0.7] len=66
03/31/2024 06:16:41 AM INFO: Best Alex+M AlexGDA[1.7|1.1]+M len=48
03/31/2024 06:27:10 AM INFO: EG 134 EG+M 100
03/31/2024 06:31:01 AM INFO: OGD 127 OGD+M 92
03/31/2024 06:48:46 AM INFO: AltEG 144 AltEG+M 96
03/31/2024 06:52:51 AM INFO: AltOGD 88 AltOGD+M 58
03/31/2024 06:54:04 AM INFO: Sim 1795 Sim+M 376
03/31/2024 06:54:30 AM INFO: Alt 93 Alt+M 75
03/31/2024 06:56:00 AM INFO: Best Alex   AlexGDA[1.6|0.7] len=70
03/31/2024 09:10:00 AM INFO: Best Alex+M AlexGDA[2.2|1.6]+M len=42
03/31/2024 09:21:06 AM INFO: EG 146 EG+M 104
03/31/2024 09:24:51 AM INFO: OGD 138 OGD+M 87
03/31/2024 09:44:12 AM INFO: AltEG 159 AltEG+M 93
03/31/2024 09:48:05 AM INFO: AltOGD 98 AltOGD+M 58
03/31/2024 09:49:23 AM INFO: Sim 1836 Sim+M 394
03/31/2024 09:49:49 AM INFO: Alt 100 Alt+M 75
03/31/2024 09:51:18 AM INFO: Best Alex   AlexGDA[1.6|0.7] len=71
03/31/2024 12:09:29 PM INFO: Best Alex+M AlexGDA[2.1|2.7]+M len=46
03/31/2024 12:19:45 PM INFO: EG 146 EG+M 118
03/31/2024 12:23:32 PM INFO: OGD 138 OGD+M 100
03/31/2024 12:41:39 PM INFO: AltEG 156 AltEG+M 105
03/31/2024 12:45:41 PM INFO: AltOGD 97 AltOGD+M 65
03/31/2024 12:46:54 PM INFO: Sim 2005 Sim+M 430
03/31/2024 12:47:24 PM INFO: Alt 107 Alt+M 101
03/31/2024 12:49:10 PM INFO: Best Alex   AlexGDA[1.6|0.7] len=85
03/31/2024 03:19:22 PM INFO: Best Alex+M AlexGDA[3.0|3.0]+M len=59
03/31/2024 03:30:38 PM INFO: EG 178 EG+M 164
03/31/2024 03:34:33 PM INFO: OGD 180 OGD+M 160
03/31/2024 03:54:04 PM INFO: AltEG 192 AltEG+M 144
03/31/2024 03:58:13 PM INFO: AltOGD 125 AltOGD+M 94
03/31/2024 03:59:28 PM INFO: Sim 2208 Sim+M 469
03/31/2024 03:59:54 PM INFO: Alt 119 Alt+M 81
03/31/2024 04:01:17 PM INFO: Best Alex   AlexGDA[1.5|0.8] len=58
03/31/2024 06:08:07 PM INFO: Best Alex+M AlexGDA[2.1|1.7]+M len=44
03/31/2024 06:17:58 PM INFO: EG 132 EG+M 112
03/31/2024 06:21:38 PM INFO: OGD 129 OGD+M 100
03/31/2024 06:38:37 PM INFO: AltEG 123 AltEG+M 93
03/31/2024 06:42:20 PM INFO: AltOGD 76 AltOGD+M 65
03/31/2024 06:43:35 PM INFO: Sim 1844 Sim+M 396
03/31/2024 06:44:01 PM INFO: Alt 105 Alt+M 75
03/31/2024 06:45:24 PM INFO: Best Alex   AlexGDA[2.1|0.7] len=57
03/31/2024 08:57:00 PM INFO: Best Alex+M AlexGDA[1.3|2.6]+M len=43
03/31/2024 09:07:19 PM INFO: EG 118 EG+M 102
03/31/2024 09:11:01 PM INFO: OGD 125 OGD+M 105
03/31/2024 09:29:21 PM INFO: AltEG 123 AltEG+M 105
03/31/2024 09:33:33 PM INFO: AltOGD 83 AltOGD+M 66
03/31/2024 09:34:47 PM INFO: Sim 2029 Sim+M 437
03/31/2024 09:35:14 PM INFO: Alt 110 Alt+M 86
03/31/2024 09:36:50 PM INFO: Best Alex   AlexGDA[2.2|0.7] len=58
03/31/2024 11:47:04 PM INFO: Best Alex+M AlexGDA[2.9|3.0]+M len=45
03/31/2024 11:57:31 PM INFO: EG 128 EG+M 120
04/01/2024 12:01:09 AM INFO: OGD 136 OGD+M 122
04/01/2024 12:18:46 AM INFO: AltEG 129 AltEG+M 111
04/01/2024 12:22:39 AM INFO: AltOGD 100 AltOGD+M 74
04/01/2024 12:23:50 AM INFO: Sim 2135 Sim+M 451
04/01/2024 12:24:17 AM INFO: Alt 112 Alt+M 72
04/01/2024 12:25:38 AM INFO: Best Alex   AlexGDA[2.1|0.7] len=48
04/01/2024 02:28:18 AM INFO: Best Alex+M AlexGDA[2.0|2.6]+M len=37
04/01/2024 02:38:51 AM INFO: EG 112 EG+M 100
04/01/2024 02:42:26 AM INFO: OGD 124 OGD+M 88
04/01/2024 03:00:05 AM INFO: AltEG 105 AltEG+M 81
04/01/2024 03:03:50 AM INFO: AltOGD 72 AltOGD+M 57
04/01/2024 03:05:05 AM INFO: Sim 1962 Sim+M 413
04/01/2024 03:05:31 AM INFO: Alt 104 Alt+M 89
04/01/2024 03:07:11 AM INFO: Best Alex   AlexGDA[2.2|0.7] len=76
04/01/2024 05:22:00 AM INFO: Best Alex+M AlexGDA[3.0|2.9]+M len=49
04/01/2024 05:32:27 AM INFO: EG 152 EG+M 138
04/01/2024 05:36:11 AM INFO: OGD 159 OGD+M 119
04/01/2024 05:54:05 AM INFO: AltEG 168 AltEG+M 126
04/01/2024 05:58:00 AM INFO: AltOGD 110 AltOGD+M 80
