04/10/2024 09:43:14 AM INFO: Sim 325882 Sim+M 13155
04/10/2024 09:43:51 AM INFO: Alt 629 Alt+M 90
04/10/2024 09:45:29 AM INFO: Best Alex   AlexGDA[1.5|0.8] len=72
04/10/2024 12:27:53 PM INFO: Best Alex+M AlexGDA[2.9|2.7]+M len=47
04/10/2024 12:40:13 PM INFO: EG 190 EG+M 152
04/10/2024 12:45:52 PM INFO: OGD 174 OGD+M 126
04/10/2024 01:06:38 PM INFO: AltEG 198 AltEG+M 129
04/10/2024 01:12:45 PM INFO: AltOGD 83 AltOGD+M 66
04/10/2024 01:20:51 PM INFO: Sim 452826 Sim+M 18286
04/10/2024 01:21:30 PM INFO: Alt 870 Alt+M 133
04/10/2024 01:23:47 PM INFO: Best Alex   AlexGDA[1.2|0.9] len=153
04/10/2024 05:01:52 PM INFO: Best Alex+M AlexGDA[2.6|1.6]+M len=88
04/10/2024 05:17:22 PM INFO: EG 412 EG+M 262
04/10/2024 05:23:27 PM INFO: OGD 366 OGD+M 207
04/10/2024 05:50:28 PM INFO: AltEG 396 AltEG+M 210
04/10/2024 05:57:21 PM INFO: AltOGD 167 AltOGD+M 106
04/10/2024 06:05:13 PM INFO: Sim 430104 Sim+M 17227
04/10/2024 06:05:52 PM INFO: Alt 799 Alt+M 116
04/10/2024 06:08:09 PM INFO: Best Alex   AlexGDA[0.7|2.9] len=55
04/10/2024 09:45:34 PM INFO: Best Alex+M AlexGDA[1.8|2.9]+M len=38
04/10/2024 10:00:50 PM INFO: EG 444 EG+M 144
04/10/2024 10:07:02 PM INFO: OGD 397 OGD+M 120
04/10/2024 10:33:35 PM INFO: AltEG 426 AltEG+M 123
04/10/2024 10:40:24 PM INFO: AltOGD 180 AltOGD+M 62
04/10/2024 10:47:54 PM INFO: Sim 396397 Sim+M 15939
04/10/2024 10:48:32 PM INFO: Alt 753 Alt+M 125
04/10/2024 10:50:41 PM INFO: Best Alex   AlexGDA[1.0|1.1] len=137
04/11/2024 02:23:26 AM INFO: Best Alex+M AlexGDA[2.9|2.9]+M len=85
04/11/2024 02:38:31 AM INFO: EG 366 EG+M 272
04/11/2024 02:44:37 AM INFO: OGD 326 OGD+M 203
04/11/2024 03:10:49 AM INFO: AltEG 378 AltEG+M 225
04/11/2024 03:17:35 AM INFO: AltOGD 149 AltOGD+M 116
04/11/2024 03:25:29 AM INFO: Sim 433195 Sim+M 17314
04/11/2024 03:26:15 AM INFO: Alt 790 Alt+M 286
04/11/2024 03:29:16 AM INFO: Best Alex   AlexGDA[1.6|0.8] len=278
04/11/2024 08:21:53 AM INFO: Best Alex+M AlexGDA[3.0|2.0]+M len=191
04/11/2024 08:40:38 AM INFO: EG 754 EG+M 570
04/11/2024 08:47:24 AM INFO: OGD 678 OGD+M 506
04/11/2024 09:21:21 AM INFO: AltEG 720 AltEG+M 525
04/11/2024 09:29:21 AM INFO: AltOGD 308 AltOGD+M 259
04/11/2024 09:36:59 AM INFO: Sim 400053 Sim+M 15957
04/11/2024 09:37:33 AM INFO: Alt 726 Alt+M 76
04/11/2024 09:39:10 AM INFO: Best Alex   AlexGDA[0.9|1.3] len=71
04/11/2024 12:27:55 PM INFO: Best Alex+M AlexGDA[2.7|2.1]+M len=54
04/11/2024 12:40:23 PM INFO: EG 192 EG+M 182
04/11/2024 12:46:04 PM INFO: OGD 173 OGD+M 143
04/11/2024 01:07:41 PM INFO: AltEG 198 AltEG+M 144
04/11/2024 01:13:56 PM INFO: AltOGD 78 AltOGD+M 76
04/11/2024 01:22:08 PM INFO: Sim 454965 Sim+M 18294
04/11/2024 01:22:43 PM INFO: Alt 868 Alt+M 98
04/11/2024 01:24:28 PM INFO: Best Alex   AlexGDA[1.9|0.8] len=82
04/11/2024 04:04:33 PM INFO: Best Alex+M AlexGDA[3.0|1.2]+M len=55
04/11/2024 04:16:02 PM INFO: EG 192 EG+M 158
04/11/2024 04:21:26 PM INFO: OGD 198 OGD+M 144
04/11/2024 04:40:52 PM INFO: AltEG 210 AltEG+M 150
04/11/2024 04:46:51 PM INFO: AltOGD 98 AltOGD+M 74
04/11/2024 04:54:03 PM INFO: Sim 368522 Sim+M 14626
04/11/2024 04:54:43 PM INFO: Alt 644 Alt+M 153
04/11/2024 04:56:44 PM INFO: Best Alex   AlexGDA[1.6|0.8] len=111
04/11/2024 08:21:12 PM INFO: Best Alex+M AlexGDA[3.0|2.8]+M len=82
04/11/2024 08:35:20 PM INFO: EG 248 EG+M 234
04/11/2024 08:41:17 PM INFO: OGD 267 OGD+M 224
04/11/2024 09:05:56 PM INFO: AltEG 276 AltEG+M 225
04/11/2024 09:12:38 PM INFO: AltOGD 139 AltOGD+M 113
04/11/2024 09:20:28 PM INFO: Sim 420325 Sim+M 16934
04/11/2024 09:21:03 PM INFO: Alt 806 Alt+M 88
04/11/2024 09:22:55 PM INFO: Best Alex   AlexGDA[2.7|0.7] len=89
04/12/2024 12:10:22 AM INFO: Best Alex+M AlexGDA[1.4|2.6]+M len=43
04/12/2024 12:22:26 AM INFO: EG 208 EG+M 148
04/12/2024 12:27:56 AM INFO: OGD 221 OGD+M 121
04/12/2024 12:48:25 AM INFO: AltEG 243 AltEG+M 129
04/12/2024 12:54:27 AM INFO: AltOGD 100 AltOGD+M 58
04/12/2024 01:03:00 AM INFO: Sim 489427 Sim+M 19653
04/12/2024 01:03:42 AM INFO: Alt 921 Alt+M 248
04/12/2024 01:06:21 AM INFO: Best Alex   AlexGDA[0.7|2.9] len=198
04/12/2024 05:07:17 AM INFO: Best Alex+M AlexGDA[1.0|3.0]+M len=146
04/12/2024 05:23:05 AM INFO: EG 410 EG+M 336
04/12/2024 05:29:29 AM INFO: OGD 495 OGD+M 275
04/12/2024 05:56:59 AM INFO: AltEG 513 AltEG+M 405
04/12/2024 06:04:12 AM INFO: AltOGD 255 AltOGD+M 132
04/12/2024 06:11:39 AM INFO: Sim 382017 Sim+M 15451
04/12/2024 06:12:14 AM INFO: Alt 744 Alt+M 90
04/12/2024 06:13:50 AM INFO: Best Alex   AlexGDA[1.5|0.8] len=69
04/12/2024 08:48:27 AM INFO: Best Alex+M AlexGDA[1.8|2.9]+M len=44
04/12/2024 09:00:05 AM INFO: EG 172 EG+M 146
04/12/2024 09:05:35 AM INFO: OGD 172 OGD+M 129
04/12/2024 09:25:06 AM INFO: AltEG 186 AltEG+M 129
04/12/2024 09:31:01 AM INFO: AltOGD 81 AltOGD+M 64
04/12/2024 09:39:28 AM INFO: Sim 474221 Sim+M 19132
04/12/2024 09:40:05 AM INFO: Alt 912 Alt+M 112
04/12/2024 09:42:09 AM INFO: Best Alex   AlexGDA[1.5|0.8] len=123
04/12/2024 01:07:44 PM INFO: Best Alex+M AlexGDA[1.8|1.3]+M len=78
04/12/2024 01:22:21 PM INFO: EG 338 EG+M 236
04/12/2024 01:28:18 PM INFO: OGD 299 OGD+M 183
04/12/2024 01:53:57 PM INFO: AltEG 321 AltEG+M 186
04/12/2024 02:00:44 PM INFO: AltOGD 135 AltOGD+M 97
04/12/2024 02:08:49 PM INFO: Sim 436914 Sim+M 17341
04/12/2024 02:09:35 PM INFO: Alt 750 Alt+M 245
04/12/2024 02:12:37 PM INFO: Best Alex   AlexGDA[0.9|1.2] len=289
04/12/2024 06:47:40 PM INFO: Best Alex+M AlexGDA[2.6|2.5]+M len=69
04/12/2024 07:05:57 PM INFO: EG 770 EG+M 286
04/12/2024 07:12:38 PM INFO: OGD 689 OGD+M 175
04/12/2024 07:44:54 PM INFO: AltEG 747 AltEG+M 228
04/12/2024 07:52:31 PM INFO: AltOGD 315 AltOGD+M 95
04/12/2024 07:59:31 PM INFO: Sim 347267 Sim+M 14033
04/12/2024 08:00:07 PM INFO: Alt 671 Alt+M 100
04/12/2024 08:01:56 PM INFO: Best Alex   AlexGDA[0.8|1.6] len=76
04/12/2024 10:55:02 PM INFO: Best Alex+M AlexGDA[3.0|1.9]+M len=59
04/12/2024 11:08:09 PM INFO: EG 246 EG+M 208
04/12/2024 11:13:58 PM INFO: OGD 219 OGD+M 166
04/12/2024 11:36:21 PM INFO: AltEG 252 AltEG+M 183
04/12/2024 11:42:43 PM INFO: AltOGD 99 AltOGD+M 88
04/12/2024 11:49:51 PM INFO: Sim 357891 Sim+M 14421
04/12/2024 11:50:38 PM INFO: Alt 682 Alt+M 302
04/12/2024 11:53:37 PM INFO: Best Alex   AlexGDA[1.6|0.8] len=280
04/13/2024 04:49:13 AM INFO: Best Alex+M AlexGDA[3.0|2.0]+M len=208
04/13/2024 05:08:23 AM INFO: EG 696 EG+M 610
04/13/2024 05:15:14 AM INFO: OGD 666 OGD+M 549
04/13/2024 05:49:49 AM INFO: AltEG 708 AltEG+M 549
04/13/2024 05:57:46 AM INFO: AltOGD 312 AltOGD+M 273
04/13/2024 06:05:42 AM INFO: Sim 432252 Sim+M 17300
04/13/2024 06:06:16 AM INFO: Alt 804 Alt+M 76
04/13/2024 06:07:54 AM INFO: Best Alex   AlexGDA[1.3|0.9] len=70
04/13/2024 08:53:20 AM INFO: Best Alex+M AlexGDA[2.7|2.1]+M len=48
04/13/2024 09:05:44 AM INFO: EG 202 EG+M 166
04/13/2024 09:11:24 AM INFO: OGD 177 OGD+M 139
04/13/2024 09:32:33 AM INFO: AltEG 195 AltEG+M 135
04/13/2024 09:38:51 AM INFO: AltOGD 78 AltOGD+M 71
04/13/2024 09:46:57 AM INFO: Sim 442867 Sim+M 17782
04/13/2024 09:47:32 AM INFO: Alt 837 Alt+M 91
04/13/2024 09:49:10 AM INFO: Best Alex   AlexGDA[2.3|0.8] len=62
04/13/2024 12:20:32 PM INFO: Best Alex+M AlexGDA[3.0|1.8]+M len=44
04/13/2024 12:31:20 PM INFO: EG 140 EG+M 128
04/13/2024 12:36:38 PM INFO: OGD 159 OGD+M 130
04/13/2024 12:54:46 PM INFO: AltEG 162 AltEG+M 123
04/13/2024 01:00:39 PM INFO: AltOGD 87 AltOGD+M 66
04/13/2024 01:08:19 PM INFO: Sim 401001 Sim+M 15888
04/13/2024 01:09:01 PM INFO: Alt 663 Alt+M 178
04/13/2024 01:11:09 PM INFO: Best Alex   AlexGDA[0.8|1.6] len=124
04/13/2024 04:46:29 PM INFO: Best Alex+M AlexGDA[3.0|1.9]+M len=89
04/13/2024 05:01:10 PM INFO: EG 280 EG+M 242
04/13/2024 05:07:20 PM INFO: OGD 294 OGD+M 258
04/13/2024 05:32:37 PM INFO: AltEG 306 AltEG+M 252
04/13/2024 05:39:31 PM INFO: AltOGD 165 AltOGD+M 123
04/13/2024 05:47:59 PM INFO: Sim 473071 Sim+M 18901
04/13/2024 05:48:36 PM INFO: Alt 866 Alt+M 97
04/13/2024 05:50:28 PM INFO: Best Alex   AlexGDA[1.9|0.8] len=99
04/13/2024 08:50:44 PM INFO: Best Alex+M AlexGDA[1.3|2.9]+M len=51
04/13/2024 09:03:24 PM INFO: EG 242 EG+M 160
04/13/2024 09:09:05 PM INFO: OGD 249 OGD+M 133
04/13/2024 09:30:28 PM INFO: AltEG 255 AltEG+M 150
04/13/2024 09:36:52 PM INFO: AltOGD 116 AltOGD+M 66
04/13/2024 09:45:31 PM INFO: Sim 490039 Sim+M 19770
04/13/2024 09:46:09 PM INFO: Alt 943 Alt+M 163
04/13/2024 09:48:24 PM INFO: Best Alex   AlexGDA[0.7|2.8] len=137
04/14/2024 01:14:05 AM INFO: Best Alex+M AlexGDA[2.8|3.0]+M len=100
04/14/2024 01:27:50 AM INFO: EG 282 EG+M 248
04/14/2024 01:33:53 AM INFO: OGD 328 OGD+M 208
04/14/2024 01:57:40 AM INFO: AltEG 354 AltEG+M 273
04/14/2024 02:04:23 AM INFO: AltOGD 169 AltOGD+M 105
04/14/2024 02:11:47 AM INFO: Sim 373561 Sim+M 15026
04/14/2024 02:12:23 AM INFO: Alt 715 Alt+M 95
04/14/2024 02:14:04 AM INFO: Best Alex   AlexGDA[0.8|1.5] len=75
04/14/2024 04:55:38 AM INFO: Best Alex+M AlexGDA[2.7|2.1]+M len=49
04/14/2024 05:07:55 AM INFO: EG 184 EG+M 158
04/14/2024 05:13:33 AM INFO: OGD 180 OGD+M 138
04/14/2024 05:34:27 AM INFO: AltEG 192 AltEG+M 141
04/14/2024 05:40:31 AM INFO: AltOGD 88 AltOGD+M 71
04/14/2024 05:47:57 AM INFO: Sim 380290 Sim+M 15130
04/14/2024 05:48:36 AM INFO: Alt 678 Alt+M 121
04/14/2024 05:50:47 AM INFO: Best Alex   AlexGDA[1.2|0.9] len=140
04/14/2024 09:29:50 AM INFO: Best Alex+M AlexGDA[2.6|1.6]+M len=81
04/14/2024 09:45:07 AM INFO: EG 374 EG+M 226
04/14/2024 09:51:12 AM INFO: OGD 333 OGD+M 178
04/14/2024 10:18:00 AM INFO: AltEG 363 AltEG+M 192
04/14/2024 10:24:58 AM INFO: AltOGD 152 AltOGD+M 96
04/14/2024 10:31:52 AM INFO: Sim 346465 Sim+M 13783
04/14/2024 10:32:37 AM INFO: Alt 622 Alt+M 219
04/14/2024 10:35:30 AM INFO: Best Alex   AlexGDA[0.8|1.4] len=253
04/14/2024 02:46:39 PM INFO: Best Alex+M AlexGDA[2.2|3.0]+M len=75
04/14/2024 03:03:28 PM INFO: EG 676 EG+M 300
04/14/2024 03:09:38 PM INFO: OGD 606 OGD+M 182
04/14/2024 03:39:28 PM INFO: AltEG 657 AltEG+M 243
04/14/2024 03:46:32 PM INFO: AltOGD 277 AltOGD+M 104
04/14/2024 03:53:12 PM INFO: Sim 359331 Sim+M 14515
04/14/2024 03:53:49 PM INFO: Alt 693 Alt+M 129
04/14/2024 03:55:54 PM INFO: Best Alex   AlexGDA[0.8|1.6] len=139
04/14/2024 07:14:09 PM INFO: Best Alex+M AlexGDA[2.8|3.0]+M len=85
04/14/2024 07:28:12 PM INFO: EG 376 EG+M 272
04/14/2024 07:33:51 PM INFO: OGD 334 OGD+M 204
04/14/2024 07:58:14 PM INFO: AltEG 390 AltEG+M 228
04/14/2024 08:04:27 PM INFO: AltOGD 153 AltOGD+M 115
04/14/2024 08:11:43 PM INFO: Sim 433023 Sim+M 17272
04/14/2024 08:12:27 PM INFO: Alt 782 Alt+M 338
04/14/2024 08:15:28 PM INFO: Best Alex   AlexGDA[1.6|0.8] len=328
04/15/2024 12:52:53 AM INFO: Best Alex+M AlexGDA[1.8|2.5]+M len=236
04/15/2024 01:10:57 AM INFO: EG 754 EG+M 722
04/15/2024 01:17:16 AM INFO: OGD 780 OGD+M 596
04/15/2024 01:50:10 AM INFO: AltEG 822 AltEG+M 594
04/15/2024 01:57:42 AM INFO: AltOGD 380 AltOGD+M 304
04/15/2024 02:05:57 AM INFO: Sim 511750 Sim+M 20547
04/15/2024 02:06:29 AM INFO: Alt 967 Alt+M 97
04/15/2024 02:08:11 AM INFO: Best Alex   AlexGDA[0.9|1.3] len=94
04/15/2024 04:54:43 AM INFO: Best Alex+M AlexGDA[2.7|2.1]+M len=58
04/15/2024 05:06:47 AM INFO: EG 260 EG+M 198
04/15/2024 05:12:02 AM INFO: OGD 230 OGD+M 176
04/15/2024 05:33:08 AM INFO: AltEG 261 AltEG+M 168
04/15/2024 05:38:55 AM INFO: AltOGD 103 AltOGD+M 91
04/15/2024 05:45:34 AM INFO: Sim 364324 Sim+M 14671
04/15/2024 05:46:08 AM INFO: Alt 702 Alt+M 114
04/15/2024 05:47:48 AM INFO: Best Alex   AlexGDA[1.9|0.8] len=89
04/15/2024 08:24:06 AM INFO: Best Alex+M AlexGDA[2.7|2.7]+M len=57
04/15/2024 08:35:04 AM INFO: EG 198 EG+M 144
04/15/2024 08:40:07 AM INFO: OGD 211 OGD+M 152
04/15/2024 08:58:36 AM INFO: AltEG 216 AltEG+M 162
04/15/2024 09:04:14 AM INFO: AltOGD 112 AltOGD+M 80
04/15/2024 09:11:31 AM INFO: Sim 438532 Sim+M 17716
04/15/2024 09:12:08 AM INFO: Alt 848 Alt+M 175
04/15/2024 09:14:01 AM INFO: Best Alex   AlexGDA[2.8|0.7] len=107
04/15/2024 12:16:58 PM INFO: Best Alex+M AlexGDA[3.0|1.9]+M len=77
04/15/2024 12:29:34 PM INFO: EG 230 EG+M 224
04/15/2024 12:35:02 PM INFO: OGD 251 OGD+M 228
04/15/2024 12:56:39 PM INFO: AltEG 270 AltEG+M 216
04/15/2024 01:02:42 PM INFO: AltOGD 156 AltOGD+M 108
04/15/2024 01:10:32 PM INFO: Sim 480925 Sim+M 19185
04/15/2024 01:11:03 PM INFO: Alt 874 Alt+M 80
04/15/2024 01:12:33 PM INFO: Best Alex   AlexGDA[1.6|0.8] len=72
04/15/2024 03:36:09 PM INFO: Best Alex+M AlexGDA[1.7|2.9]+M len=40
04/15/2024 03:46:38 PM INFO: EG 192 EG+M 136
04/15/2024 03:51:33 PM INFO: OGD 179 OGD+M 107
04/15/2024 04:09:34 PM INFO: AltEG 198 AltEG+M 123
04/15/2024 04:15:01 PM INFO: AltOGD 80 AltOGD+M 55
04/15/2024 04:22:05 PM INFO: Sim 407238 Sim+M 16333
04/15/2024 04:22:45 PM INFO: Alt 762 Alt+M 235
04/15/2024 04:25:11 PM INFO: Best Alex   AlexGDA[3.0|0.7] len=189
04/15/2024 08:05:59 PM INFO: Best Alex+M AlexGDA[3.0|2.8]+M len=141
04/15/2024 08:20:32 PM INFO: EG 396 EG+M 348
04/15/2024 08:26:27 PM INFO: OGD 478 OGD+M 299
04/15/2024 08:51:34 PM INFO: AltEG 495 AltEG+M 390
04/15/2024 08:58:08 PM INFO: AltOGD 244 AltOGD+M 125
