04/01/2024 06:00:41 AM INFO: Sim 6953 Sim+M 754
04/01/2024 06:01:20 AM INFO: Alt 131 Alt+M 95
04/01/2024 06:03:12 AM INFO: Best Alex   AlexGDA[1.5|0.8] len=76
04/01/2024 09:07:28 AM INFO: Best Alex+M AlexGDA[2.2|1.3]+M len=56
04/01/2024 09:21:49 AM INFO: EG 194 EG+M 180
04/01/2024 09:28:04 AM INFO: OGD 164 OGD+M 146
04/01/2024 09:52:27 AM INFO: AltEG 213 AltEG+M 150
04/01/2024 09:58:55 AM INFO: AltOGD 95 AltOGD+M 80
04/01/2024 10:01:45 AM INFO: Sim 8254 Sim+M 888
04/01/2024 10:02:24 AM INFO: Alt 161 Alt+M 95
04/01/2024 10:04:38 AM INFO: Best Alex   AlexGDA[1.1|1.0] len=111
04/01/2024 01:41:15 PM INFO: Best Alex+M AlexGDA[2.1|2.0]+M len=79
04/01/2024 01:57:04 PM INFO: EG 282 EG+M 218
04/01/2024 02:03:18 PM INFO: OGD 229 OGD+M 174
04/01/2024 02:31:16 PM INFO: AltEG 309 AltEG+M 186
04/01/2024 02:38:23 PM INFO: AltOGD 122 AltOGD+M 95
04/01/2024 02:41:50 PM INFO: Sim 8001 Sim+M 855
04/01/2024 02:42:29 PM INFO: Alt 150 Alt+M 106
04/01/2024 02:44:37 PM INFO: Best Alex   AlexGDA[0.7|2.9] len=77
04/01/2024 06:07:14 PM INFO: Best Alex+M AlexGDA[1.4|2.4]+M len=53
04/01/2024 06:22:06 PM INFO: EG 272 EG+M 188
04/01/2024 06:28:16 PM INFO: OGD 222 OGD+M 154
04/01/2024 06:54:03 PM INFO: AltEG 300 AltEG+M 171
04/01/2024 07:00:40 PM INFO: AltOGD 118 AltOGD+M 84
04/01/2024 07:03:40 PM INFO: Sim 7656 Sim+M 826
04/01/2024 07:04:24 PM INFO: Alt 144 Alt+M 104
04/01/2024 07:06:35 PM INFO: Best Alex   AlexGDA[1.0|1.1] len=104
04/01/2024 10:44:10 PM INFO: Best Alex+M AlexGDA[2.9|2.7]+M len=80
04/01/2024 11:00:14 PM INFO: EG 264 EG+M 238
04/01/2024 11:06:32 PM INFO: OGD 214 OGD+M 191
04/01/2024 11:34:18 PM INFO: AltEG 288 AltEG+M 201
04/01/2024 11:41:34 PM INFO: AltOGD 114 AltOGD+M 103
04/01/2024 11:44:22 PM INFO: Sim 8007 Sim+M 847
04/01/2024 11:45:05 PM INFO: Alt 150 Alt+M 129
04/01/2024 11:47:30 PM INFO: Best Alex   AlexGDA[1.6|0.8] len=134
04/02/2024 03:43:32 AM INFO: Best Alex+M AlexGDA[3.0|1.9]+M len=89
04/02/2024 04:00:42 AM INFO: EG 340 EG+M 282
04/02/2024 04:07:25 AM INFO: OGD 279 OGD+M 225
04/02/2024 04:36:50 AM INFO: AltEG 357 AltEG+M 237
04/02/2024 04:44:08 AM INFO: AltOGD 147 AltOGD+M 119
04/02/2024 04:46:54 AM INFO: Sim 7687 Sim+M 815
04/02/2024 04:47:33 AM INFO: Alt 146 Alt+M 83
04/02/2024 04:49:32 AM INFO: Best Alex   AlexGDA[0.8|1.5] len=77
04/02/2024 07:57:51 AM INFO: Best Alex+M AlexGDA[1.9|2.8]+M len=59
04/02/2024 08:12:03 AM INFO: EG 200 EG+M 198
04/02/2024 08:18:15 AM INFO: OGD 171 OGD+M 159
04/02/2024 08:43:20 AM INFO: AltEG 216 AltEG+M 162
04/02/2024 08:50:08 AM INFO: AltOGD 94 AltOGD+M 83
04/02/2024 08:52:56 AM INFO: Sim 8270 Sim+M 889
04/02/2024 08:53:36 AM INFO: Alt 159 Alt+M 95
04/02/2024 08:55:39 AM INFO: Best Alex   AlexGDA[0.8|1.5] len=86
04/02/2024 11:53:34 AM INFO: Best Alex+M AlexGDA[3.0|1.2]+M len=58
04/02/2024 12:07:03 PM INFO: EG 210 EG+M 176
04/02/2024 12:12:51 PM INFO: OGD 186 OGD+M 158
04/02/2024 12:36:01 PM INFO: AltEG 234 AltEG+M 171
04/02/2024 12:42:28 PM INFO: AltOGD 98 AltOGD+M 84
04/02/2024 12:45:09 PM INFO: Sim 7367 Sim+M 768
04/02/2024 12:45:50 PM INFO: Alt 135 Alt+M 113
04/02/2024 12:47:58 PM INFO: Best Alex   AlexGDA[1.5|0.8] len=100
04/02/2024 04:20:35 PM INFO: Best Alex+M AlexGDA[2.7|2.1]+M len=75
04/02/2024 04:36:25 PM INFO: EG 234 EG+M 224
04/02/2024 04:42:52 PM INFO: OGD 208 OGD+M 200
04/02/2024 05:09:28 PM INFO: AltEG 267 AltEG+M 207
04/02/2024 05:16:16 PM INFO: AltOGD 113 AltOGD+M 108
04/02/2024 05:18:54 PM INFO: Sim 7902 Sim+M 849
04/02/2024 05:19:31 PM INFO: Alt 155 Alt+M 89
04/02/2024 05:21:31 PM INFO: Best Alex   AlexGDA[0.8|1.5] len=88
04/02/2024 08:22:01 PM INFO: Best Alex+M AlexGDA[1.4|2.6]+M len=54
04/02/2024 08:35:36 PM INFO: EG 220 EG+M 176
04/02/2024 08:41:26 PM INFO: OGD 189 OGD+M 149
04/02/2024 09:05:14 PM INFO: AltEG 249 AltEG+M 153
04/02/2024 09:11:52 PM INFO: AltOGD 103 AltOGD+M 71
04/02/2024 09:14:39 PM INFO: Sim 8593 Sim+M 920
04/02/2024 09:15:22 PM INFO: Alt 159 Alt+M 137
04/02/2024 09:17:46 PM INFO: Best Alex   AlexGDA[0.8|1.5] len=130
04/03/2024 12:48:48 AM INFO: Best Alex+M AlexGDA[2.6|1.1]+M len=88
04/03/2024 01:03:41 AM INFO: EG 302 EG+M 252
04/03/2024 01:09:54 AM INFO: OGD 269 OGD+M 225
04/03/2024 01:35:47 AM INFO: AltEG 351 AltEG+M 243
04/03/2024 01:42:34 AM INFO: AltOGD 146 AltOGD+M 115
04/03/2024 01:45:13 AM INFO: Sim 7521 Sim+M 810
04/03/2024 01:45:50 AM INFO: Alt 144 Alt+M 94
04/03/2024 01:47:35 AM INFO: Best Alex   AlexGDA[0.8|1.5] len=76
04/03/2024 04:42:45 AM INFO: Best Alex+M AlexGDA[2.2|2.4]+M len=54
04/03/2024 04:56:12 AM INFO: EG 194 EG+M 184
04/03/2024 05:01:59 AM INFO: OGD 170 OGD+M 150
04/03/2024 05:24:58 AM INFO: AltEG 210 AltEG+M 156
04/03/2024 05:31:11 AM INFO: AltOGD 98 AltOGD+M 80
04/03/2024 05:34:04 AM INFO: Sim 8451 Sim+M 911
04/03/2024 05:34:41 AM INFO: Alt 161 Alt+M 89
04/03/2024 05:36:33 AM INFO: Best Alex   AlexGDA[1.1|1.0] len=99
04/03/2024 08:50:04 AM INFO: Best Alex+M AlexGDA[2.0|1.5]+M len=75
04/03/2024 09:03:56 AM INFO: EG 254 EG+M 198
04/03/2024 09:09:38 AM INFO: OGD 206 OGD+M 159
04/03/2024 09:34:07 AM INFO: AltEG 276 AltEG+M 171
04/03/2024 09:40:25 AM INFO: AltOGD 109 AltOGD+M 89
04/03/2024 09:43:35 AM INFO: Sim 8051 Sim+M 838
04/03/2024 09:44:13 AM INFO: Alt 143 Alt+M 119
04/03/2024 09:46:20 AM INFO: Best Alex   AlexGDA[0.9|1.2] len=137
04/03/2024 01:10:53 PM INFO: Best Alex+M AlexGDA[2.2|1.6]+M len=64
04/03/2024 01:25:47 PM INFO: EG 342 EG+M 202
04/03/2024 01:31:44 PM INFO: OGD 281 OGD+M 159
04/03/2024 01:57:30 PM INFO: AltEG 381 AltEG+M 177
04/03/2024 02:04:04 PM INFO: AltOGD 150 AltOGD+M 88
04/03/2024 02:06:48 PM INFO: Sim 7195 Sim+M 778
04/03/2024 02:07:24 PM INFO: Alt 142 Alt+M 93
04/03/2024 02:09:07 PM INFO: Best Alex   AlexGDA[0.8|1.5] len=83
04/03/2024 05:08:16 PM INFO: Best Alex+M AlexGDA[2.0|1.9]+M len=64
04/03/2024 05:21:57 PM INFO: EG 226 EG+M 208
04/03/2024 05:27:40 PM INFO: OGD 183 OGD+M 171
04/03/2024 05:51:06 PM INFO: AltEG 243 AltEG+M 180
04/03/2024 05:57:22 PM INFO: AltOGD 96 AltOGD+M 93
04/03/2024 05:59:49 PM INFO: Sim 7267 Sim+M 785
04/03/2024 06:00:28 PM INFO: Alt 144 Alt+M 139
04/03/2024 06:02:32 PM INFO: Best Alex   AlexGDA[1.5|0.8] len=133
04/03/2024 09:36:48 PM INFO: Best Alex+M AlexGDA[2.6|1.6]+M len=95
04/03/2024 09:52:18 PM INFO: EG 332 EG+M 284
04/03/2024 09:58:21 PM INFO: OGD 274 OGD+M 243
04/03/2024 10:25:31 PM INFO: AltEG 369 AltEG+M 246
04/03/2024 10:32:15 PM INFO: AltOGD 146 AltOGD+M 125
04/03/2024 10:34:46 PM INFO: Sim 8026 Sim+M 858
04/03/2024 10:35:20 PM INFO: Alt 155 Alt+M 80
04/03/2024 10:36:59 PM INFO: Best Alex   AlexGDA[1.5|0.8] len=78
04/04/2024 01:28:45 AM INFO: Best Alex+M AlexGDA[2.5|2.1]+M len=56
04/04/2024 01:41:46 AM INFO: EG 212 EG+M 190
04/04/2024 01:47:18 AM INFO: OGD 177 OGD+M 152
04/04/2024 02:09:44 AM INFO: AltEG 219 AltEG+M 159
04/04/2024 02:15:50 AM INFO: AltOGD 91 AltOGD+M 80
04/04/2024 02:18:23 AM INFO: Sim 8144 Sim+M 873
04/04/2024 02:18:57 AM INFO: Alt 157 Alt+M 90
04/04/2024 02:20:33 AM INFO: Best Alex   AlexGDA[1.8|0.8] len=76
04/04/2024 04:59:25 AM INFO: Best Alex+M AlexGDA[3.0|1.2]+M len=54
04/04/2024 05:11:34 AM INFO: EG 182 EG+M 162
04/04/2024 05:16:52 AM INFO: OGD 177 OGD+M 151
04/04/2024 05:37:33 AM INFO: AltEG 198 AltEG+M 153
04/04/2024 05:43:24 AM INFO: AltOGD 94 AltOGD+M 79
04/04/2024 05:45:52 AM INFO: Sim 7674 Sim+M 797
04/04/2024 05:46:30 AM INFO: Alt 134 Alt+M 124
04/04/2024 05:48:22 AM INFO: Best Alex   AlexGDA[1.5|0.8] len=105
04/04/2024 09:01:37 AM INFO: Best Alex+M AlexGDA[3.0|1.8]+M len=79
04/04/2024 09:15:44 AM INFO: EG 250 EG+M 234
04/04/2024 09:21:31 AM INFO: OGD 220 OGD+M 208
04/04/2024 09:45:48 AM INFO: AltEG 285 AltEG+M 219
04/04/2024 09:52:13 AM INFO: AltOGD 122 AltOGD+M 110
04/04/2024 09:54:41 AM INFO: Sim 8413 Sim+M 890
04/04/2024 09:55:17 AM INFO: Alt 157 Alt+M 92
04/04/2024 09:57:02 AM INFO: Best Alex   AlexGDA[1.6|0.8] len=92
04/04/2024 12:50:41 PM INFO: Best Alex+M AlexGDA[1.4|2.7]+M len=57
04/04/2024 01:03:38 PM INFO: EG 234 EG+M 188
04/04/2024 01:09:04 PM INFO: OGD 203 OGD+M 156
04/04/2024 01:31:12 PM INFO: AltEG 255 AltEG+M 162
04/04/2024 01:37:18 PM INFO: AltOGD 107 AltOGD+M 74
04/04/2024 01:39:45 PM INFO: Sim 8595 Sim+M 928
04/04/2024 01:40:20 PM INFO: Alt 161 Alt+M 112
04/04/2024 01:42:09 PM INFO: Best Alex   AlexGDA[0.8|1.5] len=105
04/04/2024 04:39:06 PM INFO: Best Alex+M AlexGDA[1.5|2.6]+M len=76
04/04/2024 04:52:08 PM INFO: EG 248 EG+M 208
04/04/2024 04:57:39 PM INFO: OGD 218 OGD+M 187
04/04/2024 05:20:12 PM INFO: AltEG 285 AltEG+M 204
04/04/2024 05:26:14 PM INFO: AltOGD 119 AltOGD+M 100
04/04/2024 05:28:39 PM INFO: Sim 7442 Sim+M 801
04/04/2024 05:29:14 PM INFO: Alt 144 Alt+M 93
04/04/2024 05:30:51 PM INFO: Best Alex   AlexGDA[0.8|1.5] len=79
04/04/2024 08:16:17 PM INFO: Best Alex+M AlexGDA[2.8|1.9]+M len=56
04/04/2024 08:29:11 PM INFO: EG 194 EG+M 188
04/04/2024 08:34:40 PM INFO: OGD 172 OGD+M 152
04/04/2024 08:56:48 PM INFO: AltEG 219 AltEG+M 159
04/04/2024 09:02:44 PM INFO: AltOGD 99 AltOGD+M 82
04/04/2024 09:05:22 PM INFO: Sim 7478 Sim+M 788
04/04/2024 09:05:58 PM INFO: Alt 140 Alt+M 91
04/04/2024 09:07:48 PM INFO: Best Alex   AlexGDA[1.1|1.0] len=106
04/05/2024 12:25:30 AM INFO: Best Alex+M AlexGDA[1.8|1.2]+M len=75
04/05/2024 12:39:54 AM INFO: EG 268 EG+M 186
04/05/2024 12:45:38 AM INFO: OGD 217 OGD+M 149
04/05/2024 01:10:52 AM INFO: AltEG 294 AltEG+M 168
04/05/2024 01:17:23 AM INFO: AltOGD 116 AltOGD+M 85
04/05/2024 01:20:31 AM INFO: Sim 7133 Sim+M 753
04/05/2024 01:21:09 AM INFO: Alt 133 Alt+M 112
04/05/2024 01:23:09 AM INFO: Best Alex   AlexGDA[0.9|1.2] len=128
04/05/2024 04:42:25 AM INFO: Best Alex+M AlexGDA[2.8|2.6]+M len=63
04/05/2024 04:57:02 AM INFO: EG 320 EG+M 196
04/05/2024 05:02:50 AM INFO: OGD 263 OGD+M 163
04/05/2024 05:28:09 AM INFO: AltEG 354 AltEG+M 174
04/05/2024 05:34:28 AM INFO: AltOGD 140 AltOGD+M 85
04/05/2024 05:37:08 AM INFO: Sim 7317 Sim+M 786
04/05/2024 05:37:44 AM INFO: Alt 144 Alt+M 102
04/05/2024 05:39:33 AM INFO: Best Alex   AlexGDA[0.8|1.5] len=105
04/05/2024 08:54:01 AM INFO: Best Alex+M AlexGDA[1.5|2.0]+M len=79
04/05/2024 09:08:17 AM INFO: EG 268 EG+M 232
04/05/2024 09:14:05 AM INFO: OGD 217 OGD+M 184
04/05/2024 09:38:57 AM INFO: AltEG 294 AltEG+M 198
04/05/2024 09:45:18 AM INFO: AltOGD 116 AltOGD+M 99
04/05/2024 09:47:43 AM INFO: Sim 8030 Sim+M 850
04/05/2024 09:48:22 AM INFO: Alt 153 Alt+M 153
04/05/2024 09:50:30 AM INFO: Best Alex   AlexGDA[1.6|0.8] len=145
04/05/2024 01:26:06 PM INFO: Best Alex+M AlexGDA[2.6|1.6]+M len=101
04/05/2024 01:41:28 PM INFO: EG 362 EG+M 322
04/05/2024 01:47:28 PM INFO: OGD 304 OGD+M 266
04/05/2024 02:14:18 PM INFO: AltEG 390 AltEG+M 264
04/05/2024 02:21:00 PM INFO: AltOGD 161 AltOGD+M 133
04/05/2024 02:23:29 PM INFO: Sim 8819 Sim+M 942
04/05/2024 02:24:02 PM INFO: Alt 165 Alt+M 91
04/05/2024 02:25:44 PM INFO: Best Alex   AlexGDA[1.0|1.1] len=91
04/05/2024 05:19:34 PM INFO: Best Alex+M AlexGDA[2.3|1.7]+M len=63
04/05/2024 05:32:36 PM INFO: EG 240 EG+M 202
04/05/2024 05:38:03 PM INFO: OGD 196 OGD+M 169
04/05/2024 06:00:47 PM INFO: AltEG 252 AltEG+M 171
04/05/2024 06:06:44 PM INFO: AltOGD 108 AltOGD+M 88
04/05/2024 06:09:15 PM INFO: Sim 7344 Sim+M 794
04/05/2024 06:09:50 PM INFO: Alt 148 Alt+M 103
04/05/2024 06:11:31 PM INFO: Best Alex   AlexGDA[0.8|1.5] len=90
04/05/2024 08:56:06 PM INFO: Best Alex+M AlexGDA[1.8|3.0]+M len=63
04/05/2024 09:08:28 PM INFO: EG 216 EG+M 180
04/05/2024 09:13:46 PM INFO: OGD 191 OGD+M 170
04/05/2024 09:34:49 PM INFO: AltEG 237 AltEG+M 177
04/05/2024 09:40:41 PM INFO: AltOGD 105 AltOGD+M 90
04/05/2024 09:43:05 PM INFO: Sim 8087 Sim+M 873
04/05/2024 09:43:41 PM INFO: Alt 159 Alt+M 126
04/05/2024 09:45:26 PM INFO: Best Alex   AlexGDA[1.5|0.8] len=99
04/06/2024 12:45:56 AM INFO: Best Alex+M AlexGDA[2.7|1.5]+M len=74
04/06/2024 12:59:28 AM INFO: EG 228 EG+M 218
04/06/2024 01:05:04 AM INFO: OGD 205 OGD+M 198
04/06/2024 01:28:15 AM INFO: AltEG 261 AltEG+M 204
04/06/2024 01:34:23 AM INFO: AltOGD 120 AltOGD+M 106
04/06/2024 01:36:50 AM INFO: Sim 8497 Sim+M 894
04/06/2024 01:37:24 AM INFO: Alt 154 Alt+M 85
04/06/2024 01:39:00 AM INFO: Best Alex   AlexGDA[0.8|1.5] len=81
04/06/2024 04:19:49 AM INFO: Best Alex+M AlexGDA[1.7|2.9]+M len=51
04/06/2024 04:32:02 AM INFO: EG 212 EG+M 164
04/06/2024 04:37:18 AM INFO: OGD 185 OGD+M 133
04/06/2024 04:58:27 AM INFO: AltEG 219 AltEG+M 150
04/06/2024 05:04:16 AM INFO: AltOGD 96 AltOGD+M 69
04/06/2024 05:06:42 AM INFO: Sim 7776 Sim+M 834
04/06/2024 05:07:19 AM INFO: Alt 144 Alt+M 133
04/06/2024 05:09:17 AM INFO: Best Alex   AlexGDA[1.5|0.8] len=126
04/06/2024 08:18:58 AM INFO: Best Alex+M AlexGDA[2.6|1.1]+M len=83
04/06/2024 08:32:47 AM INFO: EG 296 EG+M 240
04/06/2024 08:38:31 AM INFO: OGD 264 OGD+M 219
04/06/2024 09:02:16 AM INFO: AltEG 342 AltEG+M 234
04/06/2024 09:08:30 AM INFO: AltOGD 141 AltOGD+M 110
