04/20/2024 09:10:52 AM INFO: Sim 33414 Sim+M 3011
04/20/2024 09:11:43 AM INFO: Alt 312 Alt+M 218
04/20/2024 09:14:59 AM INFO: Best Alex   AlexGDA[1.9|0.5] len=199
04/20/2024 02:50:47 PM INFO: Best Alex+M AlexGDA[2.9|3.0]+M len=61
04/20/2024 03:06:49 PM INFO: EG 408 EG+M 262
04/20/2024 03:12:21 PM INFO: OGD 405 OGD+M 209
04/20/2024 03:41:17 PM INFO: AltEG 561 AltEG+M 264
04/20/2024 03:48:00 PM INFO: AltOGD 255 AltOGD+M 137
04/20/2024 03:55:18 PM INFO: Sim 46428 Sim+M 4192
04/20/2024 03:56:05 PM INFO: Alt 439 Alt+M 200
04/20/2024 03:58:56 PM INFO: Best Alex   AlexGDA[2.2|0.6] len=150
04/20/2024 09:10:56 PM INFO: Best Alex+M AlexGDA[2.9|2.3]+M len=79
04/20/2024 09:26:22 PM INFO: EG 316 EG+M 274
04/20/2024 09:31:42 PM INFO: OGD 306 OGD+M 227
04/20/2024 09:59:40 PM INFO: AltEG 423 AltEG+M 297
04/20/2024 10:06:09 PM INFO: AltOGD 192 AltOGD+M 171
04/20/2024 10:13:26 PM INFO: Sim 44140 Sim+M 3939
04/20/2024 10:14:14 PM INFO: Alt 410 Alt+M 230
04/20/2024 10:17:28 PM INFO: Best Alex   AlexGDA[2.0|0.5] len=189
04/21/2024 03:37:49 AM INFO: Best Alex+M AlexGDA[3.0|2.4]+M len=55
04/21/2024 03:53:32 AM INFO: EG 390 EG+M 216
04/21/2024 03:58:51 AM INFO: OGD 388 OGD+M 107
04/21/2024 04:26:55 AM INFO: AltEG 540 AltEG+M 165
04/21/2024 04:33:19 AM INFO: AltOGD 246 AltOGD+M 87
04/21/2024 04:40:22 AM INFO: Sim 40639 Sim+M 3648
04/21/2024 04:41:09 AM INFO: Alt 379 Alt+M 171
04/21/2024 04:43:45 AM INFO: Best Alex   AlexGDA[1.8|0.6] len=127
04/21/2024 09:24:42 AM INFO: Best Alex+M AlexGDA[2.6|2.5]+M len=51
04/21/2024 09:39:38 AM INFO: EG 274 EG+M 196
04/21/2024 09:44:55 AM INFO: OGD 258 OGD+M 177
04/21/2024 10:11:28 AM INFO: AltEG 357 AltEG+M 201
04/21/2024 10:17:41 AM INFO: AltOGD 163 AltOGD+M 118
04/21/2024 10:25:05 AM INFO: Sim 44450 Sim+M 3964
04/21/2024 10:25:55 AM INFO: Alt 405 Alt+M 229
04/21/2024 10:29:06 AM INFO: Best Alex   AlexGDA[2.1|0.5] len=190
04/21/2024 04:21:12 PM INFO: Best Alex+M AlexGDA[2.9|2.5]+M len=103
04/21/2024 04:37:26 PM INFO: EG 382 EG+M 346
04/21/2024 04:43:01 PM INFO: OGD 386 OGD+M 297
04/21/2024 05:12:41 PM INFO: AltEG 534 AltEG+M 378
04/21/2024 05:19:40 PM INFO: AltOGD 243 AltOGD+M 211
04/21/2024 05:26:44 PM INFO: Sim 41062 Sim+M 3637
04/21/2024 05:27:30 PM INFO: Alt 372 Alt+M 165
04/21/2024 05:29:58 PM INFO: Best Alex   AlexGDA[2.2|0.6] len=108
04/21/2024 10:15:11 PM INFO: Best Alex+M AlexGDA[2.0|2.8]+M len=45
04/21/2024 10:30:08 PM INFO: EG 260 EG+M 234
04/21/2024 10:35:24 PM INFO: OGD 239 OGD+M 203
04/21/2024 11:01:34 PM INFO: AltEG 318 AltEG+M 243
04/21/2024 11:07:53 PM INFO: AltOGD 148 AltOGD+M 147
04/21/2024 11:15:27 PM INFO: Sim 46703 Sim+M 4196
04/21/2024 11:16:12 PM INFO: Alt 435 Alt+M 154
04/21/2024 11:18:36 PM INFO: Best Alex   AlexGDA[0.6|1.9] len=106
04/22/2024 03:42:28 AM INFO: Best Alex+M AlexGDA[3.0|3.0]+M len=57
04/22/2024 03:56:24 AM INFO: EG 234 EG+M 180
04/22/2024 04:01:27 AM INFO: OGD 213 OGD+M 151
04/22/2024 04:25:36 AM INFO: AltEG 297 AltEG+M 189
04/22/2024 04:31:39 AM INFO: AltOGD 146 AltOGD+M 115
04/22/2024 04:38:31 AM INFO: Sim 37822 Sim+M 3333
04/22/2024 04:39:18 AM INFO: Alt 339 Alt+M 121
04/22/2024 04:41:22 AM INFO: Best Alex   AlexGDA[2.2|0.6] len=68
04/22/2024 08:38:31 AM INFO: Best Alex+M AlexGDA[2.9|2.9]+M len=40
04/22/2024 08:51:30 AM INFO: EG 174 EG+M 148
04/22/2024 08:56:22 AM INFO: OGD 161 OGD+M 126
04/22/2024 09:18:22 AM INFO: AltEG 195 AltEG+M 159
04/22/2024 09:24:14 AM INFO: AltOGD 116 AltOGD+M 97
04/22/2024 09:31:29 AM INFO: Sim 43116 Sim+M 3869
04/22/2024 09:32:15 AM INFO: Alt 402 Alt+M 158
04/22/2024 09:34:42 AM INFO: Best Alex   AlexGDA[0.6|2.2] len=106
04/22/2024 01:57:35 PM INFO: Best Alex+M AlexGDA[3.0|3.0]+M len=48
04/22/2024 02:11:25 PM INFO: EG 242 EG+M 180
04/22/2024 02:16:30 PM INFO: OGD 221 OGD+M 163
04/22/2024 02:40:19 PM INFO: AltEG 312 AltEG+M 195
04/22/2024 02:46:23 PM INFO: AltOGD 146 AltOGD+M 114
04/22/2024 02:53:56 PM INFO: Sim 50213 Sim+M 4499
04/22/2024 02:54:42 PM INFO: Alt 464 Alt+M 161
04/22/2024 02:57:08 PM INFO: Best Alex   AlexGDA[2.2|0.6] len=102
04/22/2024 07:14:02 PM INFO: Best Alex+M AlexGDA[2.1|2.1]+M len=43
04/22/2024 07:28:25 PM INFO: EG 234 EG+M 206
04/22/2024 07:33:30 PM INFO: OGD 216 OGD+M 147
04/22/2024 07:58:36 PM INFO: AltEG 294 AltEG+M 177
04/22/2024 08:04:36 PM INFO: AltOGD 156 AltOGD+M 111
04/22/2024 08:11:38 PM INFO: Sim 39230 Sim+M 3534
04/22/2024 08:12:25 PM INFO: Alt 369 Alt+M 160
04/22/2024 08:14:54 PM INFO: Best Alex   AlexGDA[0.6|1.8] len=114
04/23/2024 12:47:06 AM INFO: Best Alex+M AlexGDA[3.0|3.0]+M len=56
04/23/2024 01:01:24 AM INFO: EG 246 EG+M 180
04/23/2024 01:06:38 AM INFO: OGD 226 OGD+M 159
04/23/2024 01:31:33 AM INFO: AltEG 318 AltEG+M 192
04/23/2024 01:37:42 AM INFO: AltOGD 148 AltOGD+M 118
04/23/2024 01:45:12 AM INFO: Sim 48653 Sim+M 4384
04/23/2024 01:45:58 AM INFO: Alt 458 Alt+M 177
04/23/2024 01:48:34 AM INFO: Best Alex   AlexGDA[2.2|0.6] len=120
04/23/2024 06:40:09 AM INFO: Best Alex+M AlexGDA[3.0|3.0]+M len=70
04/23/2024 06:55:13 AM INFO: EG 268 EG+M 242
04/23/2024 07:00:31 AM INFO: OGD 246 OGD+M 209
04/23/2024 07:27:28 AM INFO: AltEG 339 AltEG+M 273
04/23/2024 07:33:47 AM INFO: AltOGD 161 AltOGD+M 154
04/23/2024 07:41:07 AM INFO: Sim 44844 Sim+M 3961
04/23/2024 07:41:58 AM INFO: Alt 400 Alt+M 323
04/23/2024 07:45:53 AM INFO: Best Alex   AlexGDA[1.8|0.5] len=295
04/23/2024 01:54:51 PM INFO: Best Alex+M AlexGDA[3.0|2.4]+M len=64
04/23/2024 02:12:17 PM INFO: EG 592 EG+M 400
04/23/2024 02:17:55 PM INFO: OGD 619 OGD+M 155
04/23/2024 02:50:07 PM INFO: AltEG 864 AltEG+M 321
04/23/2024 02:56:55 PM INFO: AltOGD 392 AltOGD+M 110
04/23/2024 03:03:38 PM INFO: Sim 35589 Sim+M 3208
04/23/2024 03:04:26 PM INFO: Alt 336 Alt+M 178
04/23/2024 03:07:15 PM INFO: Best Alex   AlexGDA[1.7|0.6] len=148
04/23/2024 08:06:09 PM INFO: Best Alex+M AlexGDA[2.7|2.4]+M len=57
04/23/2024 08:21:32 PM INFO: EG 300 EG+M 212
04/23/2024 08:26:56 PM INFO: OGD 296 OGD+M 179
04/23/2024 08:54:22 PM INFO: AltEG 417 AltEG+M 207
04/23/2024 09:00:43 PM INFO: AltOGD 188 AltOGD+M 128
04/23/2024 09:07:25 PM INFO: Sim 36709 Sim+M 3286
04/23/2024 09:08:15 PM INFO: Alt 345 Alt+M 219
04/23/2024 09:11:21 PM INFO: Best Alex   AlexGDA[0.6|1.7] len=185
04/24/2024 02:58:50 AM INFO: Best Alex+M AlexGDA[2.9|2.5]+M len=101
04/24/2024 03:15:20 AM INFO: EG 376 EG+M 336
04/24/2024 03:20:58 AM INFO: OGD 373 OGD+M 289
04/24/2024 03:50:24 AM INFO: AltEG 519 AltEG+M 366
04/24/2024 03:57:12 AM INFO: AltOGD 236 AltOGD+M 205
04/24/2024 04:04:27 AM INFO: Sim 44349 Sim+M 3953
04/24/2024 04:05:14 AM INFO: Alt 407 Alt+M 173
04/24/2024 04:07:50 AM INFO: Best Alex   AlexGDA[1.8|0.6] len=126
04/24/2024 09:01:12 AM INFO: Best Alex+M AlexGDA[2.9|3.0]+M len=69
04/24/2024 09:16:23 AM INFO: EG 274 EG+M 226
04/24/2024 09:21:42 AM INFO: OGD 251 OGD+M 186
04/24/2024 09:48:24 AM INFO: AltEG 351 AltEG+M 249
04/24/2024 09:54:51 AM INFO: AltOGD 162 AltOGD+M 144
04/24/2024 10:02:21 AM INFO: Sim 45425 Sim+M 4062
04/24/2024 10:03:07 AM INFO: Alt 421 Alt+M 137
04/24/2024 10:05:19 AM INFO: Best Alex   AlexGDA[2.0|0.6] len=80
04/24/2024 02:12:09 PM INFO: Best Alex+M AlexGDA[2.2|2.7]+M len=43
04/24/2024 02:25:37 PM INFO: EG 196 EG+M 144
04/24/2024 02:30:36 PM INFO: OGD 175 OGD+M 120
04/24/2024 02:53:45 PM INFO: AltEG 228 AltEG+M 156
04/24/2024 02:59:43 PM INFO: AltOGD 127 AltOGD+M 91
04/24/2024 03:06:54 PM INFO: Sim 41124 Sim+M 3629
04/24/2024 03:07:41 PM INFO: Alt 361 Alt+M 144
04/24/2024 03:09:55 PM INFO: Best Alex   AlexGDA[0.6|2.2] len=75
04/24/2024 07:16:49 PM INFO: Best Alex+M AlexGDA[3.0|2.8]+M len=41
04/24/2024 07:30:04 PM INFO: EG 198 EG+M 176
04/24/2024 07:35:04 PM INFO: OGD 192 OGD+M 136
04/24/2024 07:57:31 PM INFO: AltEG 210 AltEG+M 186
04/24/2024 08:03:30 PM INFO: AltOGD 131 AltOGD+M 106
04/24/2024 08:11:03 PM INFO: Sim 48530 Sim+M 4312
04/24/2024 08:11:50 PM INFO: Alt 445 Alt+M 192
04/24/2024 08:14:40 PM INFO: Best Alex   AlexGDA[0.6|1.7] len=147
04/25/2024 01:10:35 AM INFO: Best Alex+M AlexGDA[2.1|2.7]+M len=48
04/25/2024 01:25:07 AM INFO: EG 312 EG+M 180
04/25/2024 01:30:23 AM INFO: OGD 291 OGD+M 138
04/25/2024 01:55:59 AM INFO: AltEG 411 AltEG+M 168
04/25/2024 02:02:21 AM INFO: AltOGD 187 AltOGD+M 105
04/25/2024 02:09:49 AM INFO: Sim 50254 Sim+M 4524
04/25/2024 02:10:34 AM INFO: Alt 468 Alt+M 150
04/25/2024 02:12:45 AM INFO: Best Alex   AlexGDA[0.6|2.0] len=81
04/25/2024 06:08:29 AM INFO: Best Alex+M AlexGDA[2.6|2.7]+M len=39
04/25/2024 06:21:57 AM INFO: EG 188 EG+M 140
04/25/2024 06:26:52 AM INFO: OGD 185 OGD+M 116
04/25/2024 06:50:01 AM INFO: AltEG 228 AltEG+M 147
04/25/2024 06:55:45 AM INFO: AltOGD 128 AltOGD+M 90
04/25/2024 07:02:35 AM INFO: Sim 38331 Sim+M 3447
04/25/2024 07:03:23 AM INFO: Alt 359 Alt+M 192
04/25/2024 07:06:15 AM INFO: Best Alex   AlexGDA[2.2|0.6] len=138
04/25/2024 12:11:28 PM INFO: Best Alex+M AlexGDA[2.4|2.7]+M len=58
04/25/2024 12:26:39 PM INFO: EG 328 EG+M 244
04/25/2024 12:32:01 PM INFO: OGD 324 OGD+M 210
04/25/2024 12:59:03 PM INFO: AltEG 429 AltEG+M 246
04/25/2024 01:05:28 PM INFO: AltOGD 197 AltOGD+M 151
04/25/2024 01:12:26 PM INFO: Sim 39006 Sim+M 3461
04/25/2024 01:13:14 PM INFO: Alt 351 Alt+M 179
04/25/2024 01:15:58 PM INFO: Best Alex   AlexGDA[1.8|0.6] len=139
04/25/2024 06:24:19 PM INFO: Best Alex+M AlexGDA[3.0|2.2]+M len=75
04/25/2024 06:39:45 PM INFO: EG 290 EG+M 252
04/25/2024 06:45:07 PM INFO: OGD 283 OGD+M 213
04/25/2024 07:12:47 PM INFO: AltEG 393 AltEG+M 276
04/25/2024 07:19:17 PM INFO: AltOGD 178 AltOGD+M 153
04/25/2024 07:26:01 PM INFO: Sim 35571 Sim+M 3143
04/25/2024 07:26:53 PM INFO: Alt 330 Alt+M 277
04/25/2024 07:30:34 PM INFO: Best Alex   AlexGDA[1.8|0.5] len=254
04/26/2024 01:30:02 AM INFO: Best Alex+M AlexGDA[2.6|3.0]+M len=58
04/26/2024 01:47:37 AM INFO: EG 514 EG+M 346
04/26/2024 01:53:18 AM INFO: OGD 530 OGD+M 141
04/26/2024 02:25:32 AM INFO: AltEG 741 AltEG+M 279
04/26/2024 02:32:27 AM INFO: AltOGD 336 AltOGD+M 93
04/26/2024 02:39:24 AM INFO: Sim 36852 Sim+M 3341
04/26/2024 02:40:12 AM INFO: Alt 345 Alt+M 165
04/26/2024 02:42:47 AM INFO: Best Alex   AlexGDA[0.6|1.8] len=125
04/26/2024 07:27:12 AM INFO: Best Alex+M AlexGDA[2.6|2.5]+M len=55
04/26/2024 07:42:04 AM INFO: EG 264 EG+M 204
04/26/2024 07:47:19 AM INFO: OGD 254 OGD+M 181
04/26/2024 08:13:41 AM INFO: AltEG 351 AltEG+M 216
04/26/2024 08:19:56 AM INFO: AltOGD 161 AltOGD+M 130
04/26/2024 08:27:09 AM INFO: Sim 44422 Sim+M 3954
04/26/2024 08:27:58 AM INFO: Alt 403 Alt+M 222
04/26/2024 08:31:04 AM INFO: Best Alex   AlexGDA[0.6|1.7] len=180
04/26/2024 02:15:44 PM INFO: Best Alex+M AlexGDA[2.2|3.0]+M len=102
04/26/2024 02:31:53 PM INFO: EG 366 EG+M 352
04/26/2024 02:37:25 PM INFO: OGD 363 OGD+M 304
04/26/2024 03:06:47 PM INFO: AltEG 507 AltEG+M 369
04/26/2024 03:13:33 PM INFO: AltOGD 230 AltOGD+M 206
04/26/2024 03:21:04 PM INFO: Sim 52509 Sim+M 4706
04/26/2024 03:21:49 PM INFO: Alt 486 Alt+M 178
04/26/2024 03:24:24 PM INFO: Best Alex   AlexGDA[2.2|0.6] len=114
04/26/2024 08:07:00 PM INFO: Best Alex+M AlexGDA[3.0|3.0]+M len=54
04/26/2024 08:21:38 PM INFO: EG 274 EG+M 244
04/26/2024 08:26:47 PM INFO: OGD 251 OGD+M 202
04/26/2024 08:52:31 PM INFO: AltEG 339 AltEG+M 258
04/26/2024 08:58:40 PM INFO: AltOGD 167 AltOGD+M 150
04/26/2024 09:05:29 PM INFO: Sim 37345 Sim+M 3371
04/26/2024 09:06:15 PM INFO: Alt 350 Alt+M 143
04/26/2024 09:08:37 PM INFO: Best Alex   AlexGDA[2.2|0.6] len=99
04/27/2024 01:26:55 AM INFO: Best Alex+M AlexGDA[2.9|2.1]+M len=49
04/27/2024 01:40:43 AM INFO: EG 226 EG+M 158
04/27/2024 01:45:47 AM INFO: OGD 206 OGD+M 145
04/27/2024 02:09:39 AM INFO: AltEG 282 AltEG+M 171
04/27/2024 02:15:40 AM INFO: AltOGD 134 AltOGD+M 100
04/27/2024 02:23:00 AM INFO: Sim 45033 Sim+M 4056
04/27/2024 02:23:45 AM INFO: Alt 421 Alt+M 149
04/27/2024 02:25:58 AM INFO: Best Alex   AlexGDA[2.9|0.6] len=66
04/27/2024 06:20:52 AM INFO: Best Alex+M AlexGDA[2.9|2.9]+M len=42
04/27/2024 06:33:47 AM INFO: EG 208 EG+M 174
04/27/2024 06:38:38 AM INFO: OGD 199 OGD+M 137
04/27/2024 07:00:21 AM INFO: AltEG 189 AltEG+M 180
04/27/2024 07:06:06 AM INFO: AltOGD 145 AltOGD+M 101
04/27/2024 07:13:39 AM INFO: Sim 49288 Sim+M 4376
04/27/2024 07:14:25 AM INFO: Alt 448 Alt+M 146
04/27/2024 07:16:31 AM INFO: Best Alex   AlexGDA[0.6|2.1] len=65
04/27/2024 11:05:18 AM INFO: Best Alex+M AlexGDA[2.5|1.6]+M len=43
04/27/2024 11:18:01 AM INFO: EG 176 EG+M 132
04/27/2024 11:22:53 AM INFO: OGD 169 OGD+M 115
04/27/2024 11:44:33 AM INFO: AltEG 192 AltEG+M 141
04/27/2024 11:50:17 AM INFO: AltOGD 114 AltOGD+M 84
04/27/2024 11:57:26 AM INFO: Sim 41812 Sim+M 3733
04/27/2024 11:58:13 AM INFO: Alt 388 Alt+M 149
04/27/2024 12:00:32 PM INFO: Best Alex   AlexGDA[2.2|0.6] len=98
04/27/2024 04:09:04 PM INFO: Best Alex+M AlexGDA[2.5|2.2]+M len=42
04/27/2024 04:23:18 PM INFO: EG 224 EG+M 192
04/27/2024 04:28:23 PM INFO: OGD 206 OGD+M 141
04/27/2024 04:53:03 PM INFO: AltEG 282 AltEG+M 183
04/27/2024 04:58:56 PM INFO: AltOGD 135 AltOGD+M 105
