04/06/2024 09:10:52 AM INFO: Sim 81557 Sim+M 6722
04/06/2024 09:11:20 AM INFO: Alt 453 Alt+M 147
04/06/2024 09:13:07 AM INFO: Best Alex   AlexGDA[1.6|0.7] len=147
04/06/2024 11:48:34 AM INFO: Best Alex+M AlexGDA[2.6|2.1]+M len=68
04/06/2024 11:58:45 AM INFO: EG 332 EG+M 212
04/06/2024 12:02:22 PM INFO: OGD 295 OGD+M 177
04/06/2024 12:20:32 PM INFO: AltEG 318 AltEG+M 165
04/06/2024 12:24:27 PM INFO: AltOGD 210 AltOGD+M 104
04/06/2024 12:27:10 PM INFO: Sim 113294 Sim+M 9359
04/06/2024 12:27:38 PM INFO: Alt 634 Alt+M 188
04/06/2024 12:29:37 PM INFO: Best Alex   AlexGDA[1.6|0.7] len=182
04/06/2024 03:24:55 PM INFO: Best Alex+M AlexGDA[2.4|1.9]+M len=114
04/06/2024 03:35:29 PM INFO: EG 414 EG+M 318
04/06/2024 03:39:08 PM INFO: OGD 369 OGD+M 298
04/06/2024 03:58:39 PM INFO: AltEG 393 AltEG+M 225
04/06/2024 04:02:44 PM INFO: AltOGD 261 AltOGD+M 183
04/06/2024 04:05:24 PM INFO: Sim 107584 Sim+M 8805
04/06/2024 04:05:52 PM INFO: Alt 590 Alt+M 178
04/06/2024 04:08:01 PM INFO: Best Alex   AlexGDA[1.6|0.7] len=196
04/06/2024 06:58:52 PM INFO: Best Alex+M AlexGDA[2.9|1.6]+M len=39
04/06/2024 07:10:19 PM INFO: EG 458 EG+M 106
04/06/2024 07:13:58 PM INFO: OGD 410 OGD+M 86
04/06/2024 07:34:35 PM INFO: AltEG 441 AltEG+M 93
04/06/2024 07:38:32 PM INFO: AltOGD 292 AltOGD+M 76
04/06/2024 07:41:03 PM INFO: Sim 99200 Sim+M 8150
04/06/2024 07:41:30 PM INFO: Alt 544 Alt+M 157
04/06/2024 07:43:18 PM INFO: Best Alex   AlexGDA[0.7|1.7] len=152
04/06/2024 10:19:20 PM INFO: Best Alex+M AlexGDA[2.6|2.5]+M len=74
04/06/2024 10:29:35 PM INFO: EG 344 EG+M 252
04/06/2024 10:33:14 PM INFO: OGD 306 OGD+M 225
04/06/2024 10:51:44 PM INFO: AltEG 327 AltEG+M 189
04/06/2024 10:55:38 PM INFO: AltOGD 217 AltOGD+M 131
04/06/2024 10:58:18 PM INFO: Sim 108241 Sim+M 8833
04/06/2024 10:58:48 PM INFO: Alt 583 Alt+M 254
04/06/2024 11:01:07 PM INFO: Best Alex   AlexGDA[1.7|0.7] len=251
04/07/2024 02:18:30 AM INFO: Best Alex+M AlexGDA[2.7|2.6]+M len=120
04/07/2024 02:29:55 AM INFO: EG 572 EG+M 388
04/07/2024 02:33:44 AM INFO: OGD 512 OGD+M 363
04/07/2024 02:54:56 AM INFO: AltEG 543 AltEG+M 270
04/07/2024 02:59:19 AM INFO: AltOGD 362 AltOGD+M 215
04/07/2024 03:01:53 AM INFO: Sim 100049 Sim+M 8138
04/07/2024 03:02:17 AM INFO: Alt 533 Alt+M 94
04/07/2024 03:03:31 AM INFO: Best Alex   AlexGDA[2.2|0.7] len=77
04/07/2024 04:59:53 AM INFO: Best Alex+M AlexGDA[2.6|2.5]+M len=51
04/07/2024 05:08:35 AM INFO: EG 166 EG+M 140
04/07/2024 05:11:51 AM INFO: OGD 143 OGD+M 126
04/07/2024 05:27:12 AM INFO: AltEG 165 AltEG+M 111
04/07/2024 05:30:44 AM INFO: AltOGD 101 AltOGD+M 81
04/07/2024 05:33:28 AM INFO: Sim 113739 Sim+M 9340
04/07/2024 05:33:51 AM INFO: Alt 621 Alt+M 105
04/07/2024 05:35:12 AM INFO: Best Alex   AlexGDA[0.7|1.7] len=90
04/07/2024 07:34:14 AM INFO: Best Alex+M AlexGDA[2.4|1.6]+M len=52
04/07/2024 07:42:34 AM INFO: EG 192 EG+M 132
04/07/2024 07:45:48 AM INFO: OGD 167 OGD+M 121
04/07/2024 08:00:24 AM INFO: AltEG 183 AltEG+M 108
04/07/2024 08:03:56 AM INFO: AltOGD 120 AltOGD+M 78
04/07/2024 08:06:25 AM INFO: Sim 92160 Sim+M 7467
04/07/2024 08:06:50 AM INFO: Alt 479 Alt+M 126
04/07/2024 08:08:13 AM INFO: Best Alex   AlexGDA[1.7|0.7] len=88
04/07/2024 10:13:49 AM INFO: Best Alex+M AlexGDA[2.9|2.1]+M len=57
04/07/2024 10:22:36 AM INFO: EG 196 EG+M 164
04/07/2024 10:25:54 AM INFO: OGD 180 OGD+M 164
04/07/2024 10:41:14 AM INFO: AltEG 186 AltEG+M 147
04/07/2024 10:44:53 AM INFO: AltOGD 135 AltOGD+M 104
04/07/2024 10:47:29 AM INFO: Sim 105183 Sim+M 8644
04/07/2024 10:47:52 AM INFO: Alt 584 Alt+M 79
04/07/2024 10:48:57 AM INFO: Best Alex   AlexGDA[1.6|0.8] len=59
04/07/2024 12:36:17 PM INFO: Best Alex+M AlexGDA[2.2|1.9]+M len=47
04/07/2024 12:44:14 PM INFO: EG 130 EG+M 126
04/07/2024 12:47:23 PM INFO: OGD 123 OGD+M 114
04/07/2024 01:01:07 PM INFO: AltEG 126 AltEG+M 105
04/07/2024 01:04:29 PM INFO: AltOGD 78 AltOGD+M 70
04/07/2024 01:07:18 PM INFO: Sim 122281 Sim+M 10036
04/07/2024 01:07:44 PM INFO: Alt 668 Alt+M 169
04/07/2024 01:09:26 PM INFO: Best Alex   AlexGDA[1.7|0.7] len=140
04/07/2024 03:29:11 PM INFO: Best Alex+M AlexGDA[1.0|2.8]+M len=87
04/07/2024 03:39:13 PM INFO: EG 300 EG+M 240
04/07/2024 03:42:39 PM INFO: OGD 288 OGD+M 168
04/07/2024 03:59:48 PM INFO: AltEG 312 AltEG+M 213
04/07/2024 04:03:29 PM INFO: AltOGD 206 AltOGD+M 131
04/07/2024 04:05:57 PM INFO: Sim 95508 Sim+M 7886
04/07/2024 04:06:21 PM INFO: Alt 537 Alt+M 112
04/07/2024 04:07:42 PM INFO: Best Alex   AlexGDA[1.7|0.7] len=95
04/07/2024 06:07:41 PM INFO: Best Alex+M AlexGDA[2.5|2.6]+M len=53
04/07/2024 06:16:39 PM INFO: EG 196 EG+M 140
04/07/2024 06:20:00 PM INFO: OGD 172 OGD+M 129
04/07/2024 06:35:44 PM INFO: AltEG 192 AltEG+M 126
04/07/2024 06:39:17 PM INFO: AltOGD 125 AltOGD+M 85
04/07/2024 06:42:04 PM INFO: Sim 118639 Sim+M 9798
04/07/2024 06:42:30 PM INFO: Alt 664 Alt+M 164
04/07/2024 06:44:15 PM INFO: Best Alex   AlexGDA[1.7|0.7] len=143
04/07/2024 09:26:31 PM INFO: Best Alex+M AlexGDA[3.0|2.2]+M len=100
04/07/2024 09:36:48 PM INFO: EG 332 EG+M 286
04/07/2024 09:40:25 PM INFO: OGD 294 OGD+M 257
04/07/2024 09:58:59 PM INFO: AltEG 315 AltEG+M 219
04/07/2024 10:02:58 PM INFO: AltOGD 207 AltOGD+M 159
04/07/2024 10:05:39 PM INFO: Sim 109145 Sim+M 8857
04/07/2024 10:06:11 PM INFO: Alt 566 Alt+M 376
04/07/2024 10:08:51 PM INFO: Best Alex   AlexGDA[0.8|1.3] len=377
04/08/2024 01:37:31 AM INFO: Best Alex+M AlexGDA[1.7|2.8]+M len=99
04/08/2024 01:51:01 AM INFO: EG 822 EG+M 444
04/08/2024 01:54:53 AM INFO: OGD 758 OGD+M 151
04/08/2024 02:20:16 AM INFO: AltEG 810 AltEG+M 303
04/08/2024 02:24:37 AM INFO: AltOGD 540 AltOGD+M 109
04/08/2024 02:27:02 AM INFO: Sim 86912 Sim+M 7163
04/08/2024 02:27:28 AM INFO: Alt 490 Alt+M 108
04/08/2024 02:28:50 AM INFO: Best Alex   AlexGDA[0.7|1.7] len=91
04/08/2024 04:41:25 AM INFO: Best Alex+M AlexGDA[2.4|1.7]+M len=71
04/08/2024 04:50:52 AM INFO: EG 198 EG+M 184
04/08/2024 04:54:23 AM INFO: OGD 173 OGD+M 166
04/08/2024 05:11:15 AM INFO: AltEG 192 AltEG+M 153
04/08/2024 05:15:00 AM INFO: AltOGD 124 AltOGD+M 103
04/08/2024 05:17:25 AM INFO: Sim 89448 Sim+M 7359
04/08/2024 05:17:56 AM INFO: Alt 493 Alt+M 250
04/08/2024 05:20:14 AM INFO: Best Alex   AlexGDA[0.7|1.6] len=244
04/08/2024 08:45:46 AM INFO: Best Alex+M AlexGDA[2.8|2.5]+M len=132
04/08/2024 08:58:20 AM INFO: EG 546 EG+M 418
04/08/2024 09:02:35 AM INFO: OGD 489 OGD+M 401
04/08/2024 09:25:49 AM INFO: AltEG 525 AltEG+M 312
04/08/2024 09:30:29 AM INFO: AltOGD 349 AltOGD+M 244
04/08/2024 09:33:21 AM INFO: Sim 108062 Sim+M 8848
04/08/2024 09:33:48 AM INFO: Alt 581 Alt+M 83
04/08/2024 09:35:07 AM INFO: Best Alex   AlexGDA[1.7|0.7] len=73
04/08/2024 11:43:06 AM INFO: Best Alex+M AlexGDA[1.5|1.7]+M len=52
04/08/2024 11:52:37 AM INFO: EG 150 EG+M 122
04/08/2024 11:56:30 AM INFO: OGD 128 OGD+M 110
04/08/2024 12:13:05 PM INFO: AltEG 156 AltEG+M 102
04/08/2024 12:17:02 PM INFO: AltOGD 93 AltOGD+M 72
04/08/2024 12:19:59 PM INFO: Sim 110625 Sim+M 9080
04/08/2024 12:20:26 PM INFO: Alt 611 Alt+M 87
04/08/2024 12:21:47 PM INFO: Best Alex   AlexGDA[1.8|0.7] len=72
04/08/2024 02:20:46 PM INFO: Best Alex+M AlexGDA[2.9|2.1]+M len=44
04/08/2024 02:29:30 PM INFO: EG 152 EG+M 118
04/08/2024 02:32:57 PM INFO: OGD 131 OGD+M 104
04/08/2024 02:48:27 PM INFO: AltEG 153 AltEG+M 102
04/08/2024 02:52:20 PM INFO: AltOGD 94 AltOGD+M 67
04/08/2024 02:55:06 PM INFO: Sim 100255 Sim+M 8103
04/08/2024 02:55:34 PM INFO: Alt 508 Alt+M 152
04/08/2024 02:57:14 PM INFO: Best Alex   AlexGDA[0.7|1.7] len=97
04/08/2024 05:25:02 PM INFO: Best Alex+M AlexGDA[2.8|2.2]+M len=63
04/08/2024 05:35:11 PM INFO: EG 214 EG+M 176
04/08/2024 05:38:58 PM INFO: OGD 208 OGD+M 185
04/08/2024 05:56:31 PM INFO: AltEG 198 AltEG+M 165
04/08/2024 06:00:39 PM INFO: AltOGD 163 AltOGD+M 112
04/08/2024 06:03:42 PM INFO: Sim 118164 Sim+M 9661
04/08/2024 06:04:09 PM INFO: Alt 628 Alt+M 93
04/08/2024 06:05:32 PM INFO: Best Alex   AlexGDA[0.7|2.3] len=64
04/08/2024 08:15:17 PM INFO: Best Alex+M AlexGDA[2.7|2.7]+M len=46
04/08/2024 08:24:38 PM INFO: EG 170 EG+M 132
04/08/2024 08:28:19 PM INFO: OGD 148 OGD+M 117
04/08/2024 08:44:33 PM INFO: AltEG 162 AltEG+M 111
04/08/2024 08:48:34 PM INFO: AltOGD 102 AltOGD+M 72
04/08/2024 08:51:42 PM INFO: Sim 122508 Sim+M 10092
04/08/2024 08:52:08 PM INFO: Alt 681 Alt+M 133
04/08/2024 08:53:44 PM INFO: Best Alex   AlexGDA[1.7|0.7] len=98
04/08/2024 10:59:58 PM INFO: Best Alex+M AlexGDA[1.5|3.0]+M len=63
04/08/2024 11:09:39 PM INFO: EG 200 EG+M 174
04/08/2024 11:13:16 PM INFO: OGD 191 OGD+M 146
04/08/2024 11:30:12 PM INFO: AltEG 210 AltEG+M 144
04/08/2024 11:34:05 PM INFO: AltOGD 137 AltOGD+M 97
04/08/2024 11:36:51 PM INFO: Sim 93466 Sim+M 7677
04/08/2024 11:37:19 PM INFO: Alt 520 Alt+M 133
04/08/2024 11:39:06 PM INFO: Best Alex   AlexGDA[1.7|0.7] len=110
04/09/2024 02:10:11 AM INFO: Best Alex+M AlexGDA[2.5|2.6]+M len=56
04/09/2024 02:20:37 AM INFO: EG 280 EG+M 196
04/09/2024 02:24:25 AM INFO: OGD 248 OGD+M 164
04/09/2024 02:42:40 AM INFO: AltEG 252 AltEG+M 150
04/09/2024 02:46:41 AM INFO: AltOGD 170 AltOGD+M 93
04/09/2024 02:49:23 AM INFO: Sim 95170 Sim+M 7721
04/09/2024 02:49:54 AM INFO: Alt 504 Alt+M 170
04/09/2024 02:51:59 AM INFO: Best Alex   AlexGDA[1.6|0.7] len=168
04/09/2024 06:00:38 AM INFO: Best Alex+M AlexGDA[2.4|1.9]+M len=100
04/09/2024 06:12:20 AM INFO: EG 380 EG+M 294
04/09/2024 06:16:20 AM INFO: OGD 340 OGD+M 275
04/09/2024 06:37:28 AM INFO: AltEG 363 AltEG+M 213
04/09/2024 06:41:57 AM INFO: AltOGD 241 AltOGD+M 169
04/09/2024 06:44:32 AM INFO: Sim 86557 Sim+M 7035
04/09/2024 06:45:07 AM INFO: Alt 459 Alt+M 325
04/09/2024 06:47:48 AM INFO: Best Alex   AlexGDA[0.7|1.7] len=325
04/09/2024 10:34:16 AM INFO: Best Alex+M AlexGDA[1.9|3.0]+M len=88
04/09/2024 10:48:48 AM INFO: EG 690 EG+M 402
04/09/2024 10:53:03 AM INFO: OGD 653 OGD+M 144
04/09/2024 11:19:51 AM INFO: AltEG 699 AltEG+M 288
04/09/2024 11:24:31 AM INFO: AltOGD 465 AltOGD+M 98
04/09/2024 11:27:11 AM INFO: Sim 89831 Sim+M 7423
04/09/2024 11:27:41 AM INFO: Alt 500 Alt+M 154
04/09/2024 11:29:38 AM INFO: Best Alex   AlexGDA[0.7|1.7] len=149
04/09/2024 02:24:15 PM INFO: Best Alex+M AlexGDA[2.3|2.8]+M len=86
04/09/2024 02:35:34 PM INFO: EG 344 EG+M 262
04/09/2024 02:39:31 PM INFO: OGD 306 OGD+M 238
04/09/2024 03:00:06 PM INFO: AltEG 327 AltEG+M 198
04/09/2024 03:04:25 PM INFO: AltOGD 217 AltOGD+M 144
04/09/2024 03:07:19 PM INFO: Sim 108355 Sim+M 8822
04/09/2024 03:07:52 PM INFO: Alt 578 Alt+M 277
04/09/2024 03:10:16 PM INFO: Best Alex   AlexGDA[0.7|1.7] len=241
04/09/2024 06:49:25 PM INFO: Best Alex+M AlexGDA[2.8|2.5]+M len=151
04/09/2024 07:02:17 PM INFO: EG 542 EG+M 492
04/09/2024 07:06:29 PM INFO: OGD 486 OGD+M 454
04/09/2024 07:30:12 PM INFO: AltEG 516 AltEG+M 381
04/09/2024 07:35:00 PM INFO: AltOGD 346 AltOGD+M 272
04/09/2024 07:38:11 PM INFO: Sim 127999 Sim+M 10489
04/09/2024 07:38:36 PM INFO: Alt 704 Alt+M 99
04/09/2024 07:40:02 PM INFO: Best Alex   AlexGDA[1.9|0.7] len=79
04/09/2024 09:43:27 PM INFO: Best Alex+M AlexGDA[2.1|2.0]+M len=56
04/09/2024 09:52:52 PM INFO: EG 170 EG+M 136
04/09/2024 09:56:23 PM INFO: OGD 146 OGD+M 122
04/09/2024 10:12:48 PM INFO: AltEG 168 AltEG+M 108
04/09/2024 10:16:34 PM INFO: AltOGD 103 AltOGD+M 83
04/09/2024 10:19:13 PM INFO: Sim 91079 Sim+M 7511
04/09/2024 10:19:40 PM INFO: Alt 507 Alt+M 105
04/09/2024 10:21:09 PM INFO: Best Alex   AlexGDA[1.7|0.7] len=83
04/10/2024 12:30:22 AM INFO: Best Alex+M AlexGDA[3.0|1.9]+M len=51
04/10/2024 12:39:33 AM INFO: EG 188 EG+M 132
04/10/2024 12:43:05 AM INFO: OGD 165 OGD+M 122
04/10/2024 12:59:03 AM INFO: AltEG 186 AltEG+M 123
04/10/2024 01:02:57 AM INFO: AltOGD 117 AltOGD+M 77
04/10/2024 01:05:50 AM INFO: Sim 109633 Sim+M 9047
04/10/2024 01:06:18 AM INFO: Alt 614 Alt+M 157
04/10/2024 01:07:56 AM INFO: Best Alex   AlexGDA[0.7|2.3] len=84
04/10/2024 03:23:09 AM INFO: Best Alex+M AlexGDA[3.0|3.0]+M len=58
04/10/2024 03:32:43 AM INFO: EG 174 EG+M 164
04/10/2024 03:36:21 AM INFO: OGD 208 OGD+M 174
04/10/2024 03:52:57 AM INFO: AltEG 168 AltEG+M 150
04/10/2024 03:56:55 AM INFO: AltOGD 167 AltOGD+M 104
04/10/2024 04:00:00 AM INFO: Sim 120165 Sim+M 9789
04/10/2024 04:00:25 AM INFO: Alt 640 Alt+M 78
04/10/2024 04:01:41 AM INFO: Best Alex   AlexGDA[1.6|0.8] len=54
04/10/2024 05:52:07 AM INFO: Best Alex+M AlexGDA[2.0|2.8]+M len=34
04/10/2024 06:00:28 AM INFO: EG 124 EG+M 110
04/10/2024 06:03:51 AM INFO: OGD 100 OGD+M 100
04/10/2024 06:18:20 AM INFO: AltEG 114 AltEG+M 90
04/10/2024 06:22:00 AM INFO: AltOGD 75 AltOGD+M 63
04/10/2024 06:24:48 AM INFO: Sim 101806 Sim+M 8328
04/10/2024 06:25:17 AM INFO: Alt 554 Alt+M 163
04/10/2024 06:27:09 AM INFO: Best Alex   AlexGDA[1.7|0.7] len=135
04/10/2024 08:59:07 AM INFO: Best Alex+M AlexGDA[3.0|1.3]+M len=84
04/10/2024 09:10:03 AM INFO: EG 288 EG+M 258
04/10/2024 09:13:50 AM INFO: OGD 278 OGD+M 147
04/10/2024 09:32:31 AM INFO: AltEG 297 AltEG+M 207
04/10/2024 09:36:31 AM INFO: AltOGD 199 AltOGD+M 123
